2025-10-16 18:05:49,441 INFO Logging to logs/flight_20251016_180549.log
2025-10-16 18:05:49,441 INFO Altitude 90 cm, speed 30 cm/s, AI=ON policy=1
2025-10-16 18:05:49,443 INFO Tello instance was initialized. Host: '192.168.10.1'. Port: '8889'.
2025-10-16 18:05:49,443 INFO Connecting (attempt 1/4)...
2025-10-16 18:05:49,445 INFO Send command: 'command'
2025-10-16 18:05:49,546 ERROR 'utf-8' codec can't decode byte 0xcc in position 0: invalid continuation byte
2025-10-16 18:05:49,548 INFO Send command: 'command'
2025-10-16 18:05:49,548 ERROR 'utf-8' codec can't decode byte 0xcc in position 0: invalid continuation byte
2025-10-16 18:05:49,552 INFO Send command: 'command'
2025-10-16 18:05:49,552 INFO Response command: 'ok'
2025-10-16 18:05:49,603 INFO Battery 88%
2025-10-16 18:05:49,656 INFO Send command: 'streamon'
2025-10-16 18:05:49,656 INFO Response streamon: 'ok'
2025-10-16 18:05:49,657 INFO Send command: 'speed 30'
2025-10-16 18:05:49,657 INFO Response speed 30: 'ok'
2025-10-16 18:05:49,658 INFO Takeoff.
2025-10-16 18:05:49,659 INFO Send command: 'takeoff'
2025-10-16 18:05:49,760 INFO Response takeoff: 'ok'
2025-10-16 18:05:50,261 INFO Hovering for IMU stabilization (2.0s).
2025-10-16 18:05:52,263 INFO     climb chunk 1: 40 cm (rem 30)
2025-10-16 18:05:52,264 INFO Send command: 'up 40'
2025-10-16 18:05:52,264 INFO Response up 40: 'ok'
2025-10-16 18:05:52,465 INFO Send command: 'up 30'
2025-10-16 18:05:52,868 INFO Response up 30: 'error Not joystick'
2025-10-16 18:05:52,870 INFO Send command: 'up 30'
2025-10-16 18:05:53,474 INFO Response up 30: 'error Not joystick'
2025-10-16 18:05:53,476 INFO Send command: 'up 30'
2025-10-16 18:05:54,283 INFO Response up 30: 'ok'
2025-10-16 18:05:54,522 INFO [0] turn -1 deg
2025-10-16 18:05:54,523 WARNING turn -1 deg below MIN_TURN_DEG (2); skipping.
2025-10-16 18:05:54,523 INFO [0] forward total 153 cm
2025-10-16 18:05:54,524 INFO Send command: 'forward 60'
2025-10-16 18:05:55,228 INFO Response forward 60: 'ok'
2025-10-16 18:05:57,739 INFO Send command: 'forward 60'
2025-10-16 18:06:00,960 INFO Response forward 60: 'ok'
2025-10-16 18:06:01,240 INFO Send command: 'forward 33'
2025-10-16 18:06:03,153 INFO Response forward 33: 'ok'
2025-10-16 18:06:03,403 INFO [1] turn +91 deg
2025-10-16 18:06:03,403 INFO Send command (no response expected): 'rc 0 0 0 0'
2025-10-16 18:06:03,605 INFO     turn chunk 1: CCW 45 deg (rem 46)
2025-10-16 18:06:03,605 INFO Send command: 'ccw 45'
2025-10-16 18:06:05,116 INFO Response ccw 45: 'ok'
2025-10-16 18:06:05,318 INFO     turn chunk 2: CCW 45 deg (rem 1)
2025-10-16 18:06:05,319 INFO Send command: 'ccw 45'
2025-10-16 18:06:06,784 INFO Response ccw 45: 'ok'
2025-10-16 18:06:06,987 INFO     turn chunk 3: CCW 1 deg (rem 0)
2025-10-16 18:06:06,988 INFO Send command: 'ccw 1'
2025-10-16 18:06:07,088 INFO Response ccw 1: 'ok'
2025-10-16 18:06:07,290 INFO [1] forward total 141 cm
2025-10-16 18:06:07,291 INFO Send command: 'forward 60'
2025-10-16 18:06:10,413 INFO Response forward 60: 'ok'
2025-10-16 18:06:10,662 INFO Send command: 'forward 60'
2025-10-16 18:06:13,683 INFO Response forward 60: 'ok'
2025-10-16 18:06:13,925 INFO Send command: 'forward 21'
2025-10-16 18:06:15,835 INFO Response forward 21: 'ok'
2025-10-16 18:06:16,087 INFO [2] turn +90 deg
2025-10-16 18:06:16,087 INFO Send command (no response expected): 'rc 0 0 0 0'
2025-10-16 18:06:16,288 INFO     turn chunk 1: CCW 45 deg (rem 45)
2025-10-16 18:06:16,289 INFO Send command: 'ccw 45'
2025-10-16 18:06:17,699 INFO Response ccw 45: 'ok'
2025-10-16 18:06:17,900 INFO     turn chunk 2: CCW 45 deg (rem 0)
2025-10-16 18:06:17,901 INFO Send command: 'ccw 45'
2025-10-16 18:06:19,311 INFO Response ccw 45: 'ok'
2025-10-16 18:06:19,513 INFO [2] forward total 150 cm
2025-10-16 18:06:19,513 INFO Send command: 'forward 60'
2025-10-16 18:06:22,633 INFO Response forward 60: 'ok'
2025-10-16 18:06:22,881 INFO Send command: 'forward 60'
2025-10-16 18:06:26,203 INFO Response forward 60: 'ok'
2025-10-16 18:06:26,451 INFO Send command: 'forward 30'
2025-10-16 18:06:28,262 INFO Response forward 30: 'ok'
2025-10-16 18:06:28,508 INFO [3] turn +91 deg
2025-10-16 18:06:28,509 INFO Send command (no response expected): 'rc 0 0 0 0'
2025-10-16 18:06:28,710 INFO     turn chunk 1: CCW 45 deg (rem 46)
2025-10-16 18:06:28,710 INFO Send command: 'ccw 45'
2025-10-16 18:06:30,119 INFO Response ccw 45: 'ok'
2025-10-16 18:06:30,320 INFO     turn chunk 2: CCW 45 deg (rem 1)
2025-10-16 18:06:30,320 INFO Send command: 'ccw 45'
2025-10-16 18:06:31,729 INFO Response ccw 45: 'ok'
2025-10-16 18:06:31,930 INFO     turn chunk 3: CCW 1 deg (rem 0)
2025-10-16 18:06:31,931 INFO Send command: 'ccw 1'
2025-10-16 18:06:32,032 INFO Response ccw 1: 'ok'
2025-10-16 18:06:32,235 INFO [3] forward total 144 cm
2025-10-16 18:06:32,236 INFO Send command: 'forward 60'
2025-10-16 18:06:35,451 INFO Response forward 60: 'ok'
2025-10-16 18:06:35,713 INFO Send command: 'forward 60'
2025-10-16 18:06:38,925 INFO Response forward 60: 'ok'
2025-10-16 18:06:39,170 INFO Send command: 'forward 24'
2025-10-16 18:06:41,086 INFO Response forward 24: 'ok'
2025-10-16 18:06:41,342 INFO Mission complete. Landing.
2025-10-16 18:06:41,342 INFO Send command: 'land'
2025-10-16 18:06:41,443 INFO Response land: 'unknown command: land`P'
2025-10-16 18:06:41,444 INFO Send command: 'land'
2025-10-16 18:06:41,544 INFO Response land: 'unknown command: land`P'
2025-10-16 18:06:41,546 INFO Send command: 'land'
2025-10-16 18:06:41,647 INFO Response land: 'unknown command: land`P'
2025-10-16 18:06:41,648 WARNING land error: Command 'land' was unsuccessful for 4 tries. Latest response:	'unknown command: land`P'
2025-10-16 18:06:41,663 INFO Send command: 'streamoff'
2025-10-16 18:06:41,766 INFO Response streamoff: 'ok'
2025-10-16 18:06:41,768 INFO Send command: 'land'
2025-10-16 18:06:41,868 INFO Response land: 'unknown command: land`P'
2025-10-16 18:06:41,870 INFO Send command: 'land'
2025-10-16 18:06:41,971 INFO Response land: 'unknown command: land`P'
2025-10-16 18:06:41,972 INFO Send command: 'land'
2025-10-16 18:06:42,073 INFO Response land: 'unknown command: land`P'
2025-10-16 18:06:42,074 INFO Done.
2025-10-16 18:06:42,076 INFO Send command: 'land'
