2025-10-29 17:13:33,341 INFO Logging to logs/flight_20251029_171333.log
2025-10-29 17:13:33,342 INFO Altitude 90 cm, speed 30 cm/s, AI=ON policy=2
2025-10-29 17:13:33,344 INFO Tello instance was initialized. Host: '192.168.10.1'. Port: '8889'.
2025-10-29 17:13:33,344 INFO Connecting (attempt 1/4)...
2025-10-29 17:13:33,346 INFO Send command: 'command'
2025-10-29 17:13:40,389 WARNING Aborting command 'command'. Did not receive a response after 7 seconds
2025-10-29 17:13:40,390 INFO Send command: 'command'
2025-10-29 17:13:47,429 WARNING Aborting command 'command'. Did not receive a response after 7 seconds
2025-10-29 17:13:47,431 INFO Send command: 'command'
2025-10-29 17:13:54,465 WARNING Aborting command 'command'. Did not receive a response after 7 seconds
2025-10-29 17:13:54,465 INFO Send command: 'command'
2025-10-29 17:14:01,530 WARNING Aborting command 'command'. Did not receive a response after 7 seconds
2025-10-29 17:14:01,549 WARNING connect error: Command 'command' was unsuccessful for 5 tries. Latest response:	'Aborting command 'command'. Did not receive a response after 7 seconds'
2025-10-29 17:14:02,583 INFO Connecting (attempt 2/4)...
2025-10-29 17:14:02,584 INFO Send command: 'command'
2025-10-29 17:14:09,620 WARNING Aborting command 'command'. Did not receive a response after 7 seconds
2025-10-29 17:14:09,621 INFO Send command: 'command'
2025-10-29 17:14:09,722 INFO Response command: 'ok'
2025-10-29 17:14:09,774 INFO Battery 43%
2025-10-29 17:14:09,827 INFO Send command: 'streamon'
2025-10-29 17:14:09,928 INFO Response streamon: 'ok'
2025-10-29 17:14:12,110 INFO Send command: 'speed 30'
2025-10-29 17:14:12,211 INFO Response speed 30: 'ok'
2025-10-29 17:14:12,212 INFO Takeoff.
2025-10-29 17:14:12,214 INFO Send command: 'takeoff'
2025-10-29 17:14:16,735 INFO Response takeoff: 'ok'
2025-10-29 17:14:17,237 INFO Hovering for IMU stabilization (2.0s).
2025-10-29 17:14:19,240 INFO     climb chunk 1: 40 cm (rem 30)
2025-10-29 17:14:19,240 INFO Send command: 'up 40'
2025-10-29 17:14:21,250 INFO Response up 40: 'ok'
2025-10-29 17:14:21,451 INFO Send command: 'up 30'
2025-10-29 17:14:23,863 INFO Response up 30: 'ok'
2025-10-29 17:14:24,216 INFO [0] turn +89 deg
2025-10-29 17:14:24,217 INFO Send command (no response expected): 'rc 0 0 0 0'
2025-10-29 17:14:24,418 INFO     turn chunk 1: CCW 45 deg (rem 44)
2025-10-29 17:14:24,419 INFO Send command: 'ccw 45'
2025-10-29 17:14:25,925 INFO Response ccw 45: 'ok'
2025-10-29 17:14:26,126 INFO Send command: 'ccw 44'
2025-10-29 17:14:27,632 INFO Response ccw 44: 'ok'
2025-10-29 17:14:27,833 INFO [0] forward total 156 cm
2025-10-29 17:14:27,833 INFO Send command: 'forward 60'
2025-10-29 17:14:30,846 INFO Response forward 60: 'ok'
2025-10-29 17:14:31,047 INFO Send command: 'forward 60'
2025-10-29 17:14:34,058 INFO Response forward 60: 'ok'
2025-10-29 17:14:34,259 INFO Send command: 'forward 36'
2025-10-29 17:14:36,065 INFO Response forward 36: 'ok'
2025-10-29 17:14:36,266 INFO [1] turn +176 deg
2025-10-29 17:14:36,266 INFO Send command (no response expected): 'rc 0 0 0 0'
2025-10-29 17:14:36,467 INFO     turn chunk 1: CCW 45 deg (rem 131)
2025-10-29 17:14:36,467 INFO Send command: 'ccw 45'
2025-10-29 17:14:37,774 INFO Response ccw 45: 'ok'
2025-10-29 17:14:37,975 INFO     turn chunk 2: CCW 45 deg (rem 86)
2025-10-29 17:14:37,975 INFO Send command: 'ccw 45'
2025-10-29 17:14:39,582 INFO Response ccw 45: 'ok'
2025-10-29 17:14:39,784 INFO     turn chunk 3: CCW 45 deg (rem 41)
2025-10-29 17:14:39,784 INFO Send command: 'ccw 45'
2025-10-29 17:14:41,390 INFO Response ccw 45: 'ok'
2025-10-29 17:14:41,591 INFO Send command: 'ccw 41'
2025-10-29 17:14:42,896 INFO Response ccw 41: 'ok'
2025-10-29 17:14:43,097 INFO [1] forward total 36 cm
2025-10-29 17:14:43,097 INFO Send command: 'forward 36'
2025-10-29 17:14:44,802 INFO Response forward 36: 'ok'
2025-10-29 17:14:45,004 INFO [2] turn +3 deg
2025-10-29 17:14:45,004 INFO Send command (no response expected): 'rc 0 0 0 0'
2025-10-29 17:14:45,205 INFO Send command: 'ccw 3'
2025-10-29 17:14:45,607 INFO Response ccw 3: 'ok'
2025-10-29 17:14:45,809 INFO [2] forward total 192 cm
2025-10-29 17:14:45,809 INFO Send command: 'forward 60'
2025-10-29 17:14:48,719 INFO Response forward 60: 'ok'
2025-10-29 17:14:48,920 INFO Send command: 'forward 60'
2025-10-29 17:14:50,323 ERROR KeyboardInterrupt - landing
2025-10-29 17:14:50,323 INFO Send command: 'land'
2025-10-29 17:14:50,524 INFO Response land: 'error Auto land'
2025-10-29 17:14:50,525 INFO Send command: 'land'
2025-10-29 17:14:55,040 INFO Response land: 'ok'
2025-10-29 17:14:55,124 INFO Send command: 'streamoff'
2025-10-29 17:14:55,225 INFO Response streamoff: 'ok'
2025-10-29 17:14:55,225 INFO Done.
