2025-10-29 19:11:32,124 INFO Logging to logs\flight_20251029_191132.log
2025-10-29 19:11:32,126 INFO Altitude 90 cm, speed 30 cm/s
2025-10-29 19:11:32,127 INFO Tello instance was initialized. Host: '192.168.10.1'. Port: '8889'.
2025-10-29 19:11:32,127 INFO Connecting (attempt 1/4)...
2025-10-29 19:11:32,129 INFO Send command: 'command'
2025-10-29 19:11:32,230 INFO Response command: 'ok'
2025-10-29 19:11:32,281 INFO Battery 76%
2025-10-29 19:11:32,334 INFO Send command: 'streamon'
2025-10-29 19:11:32,436 INFO Response streamon: 'ok'
2025-10-29 19:11:34,690 INFO Send command: 'speed 30'
2025-10-29 19:11:34,792 INFO Response speed 30: 'ok'
2025-10-29 19:11:34,794 INFO Takeoff.
2025-10-29 19:11:34,798 INFO Send command: 'takeoff'
2025-10-29 19:11:41,427 INFO Response takeoff: 'ok'
2025-10-29 19:11:41,928 INFO Hovering for IMU stabilization (2.0s).
2025-10-29 19:11:43,929 INFO     climb chunk 1: 40 cm (rem 30)
2025-10-29 19:11:43,930 INFO Send command: 'up 40'
2025-10-29 19:11:46,540 INFO Response up 40: 'ok'
2025-10-29 19:11:46,741 INFO Send command: 'up 30'
2025-10-29 19:11:49,453 INFO Response up 30: 'ok'
2025-10-29 19:11:49,654 INFO [0] turn +89 deg
2025-10-29 19:11:49,654 INFO Send command (no response expected): 'rc 0 0 0 0'
2025-10-29 19:11:49,856 INFO     turn chunk 1: CCW 45 deg (rem 44)
2025-10-29 19:11:49,856 INFO Send command: 'ccw 45'
2025-10-29 19:11:51,362 INFO Response ccw 45: 'ok'
2025-10-29 19:11:51,563 INFO Send command: 'ccw 44'
2025-10-29 19:11:53,170 INFO Response ccw 44: 'ok'
2025-10-29 19:11:53,371 INFO [0] forward total 156 cm
2025-10-29 19:11:53,371 INFO Send command: 'forward 60'
2025-10-29 19:11:56,986 INFO Response forward 60: 'ok'
2025-10-29 19:11:57,188 INFO Target 'bottle' detected; engaging
2025-10-29 19:11:57,254 INFO Send command: 'cw 34'
2025-10-29 19:11:58,464 INFO Response cw 34: 'ok'
2025-10-29 19:12:05,310 INFO Send command: 'ccw 34'
2025-10-29 19:12:06,514 INFO Response ccw 34: 'ok'
2025-10-29 19:12:06,716 INFO Send command: 'forward 60'
2025-10-29 19:12:10,632 INFO Response forward 60: 'ok'
2025-10-29 19:12:10,833 INFO Send command: 'forward 36'
2025-10-29 19:12:13,142 INFO Response forward 36: 'ok'
2025-10-29 19:12:13,343 INFO [1] turn +176 deg
2025-10-29 19:12:13,345 INFO Send command (no response expected): 'rc 0 0 0 0'
2025-10-29 19:12:13,546 INFO     turn chunk 1: CCW 45 deg (rem 131)
2025-10-29 19:12:13,547 INFO Send command: 'ccw 45'
2025-10-29 19:12:14,953 INFO Response ccw 45: 'ok'
2025-10-29 19:12:15,154 INFO     turn chunk 2: CCW 45 deg (rem 86)
2025-10-29 19:12:15,154 INFO Send command: 'ccw 45'
2025-10-29 19:12:16,561 INFO Response ccw 45: 'ok'
2025-10-29 19:12:16,762 INFO     turn chunk 3: CCW 45 deg (rem 41)
2025-10-29 19:12:16,764 INFO Send command: 'ccw 45'
2025-10-29 19:12:17,969 INFO Response ccw 45: 'ok'
2025-10-29 19:12:18,170 INFO Send command: 'ccw 41'
2025-10-29 19:12:19,677 INFO Response ccw 41: 'ok'
2025-10-29 19:12:19,877 INFO [1] forward total 36 cm
2025-10-29 19:12:19,878 INFO Send command: 'forward 36'
2025-10-29 19:12:21,985 INFO Response forward 36: 'ok'
2025-10-29 19:12:22,186 INFO [2] turn +3 deg
2025-10-29 19:12:22,186 INFO Send command (no response expected): 'rc 0 0 0 0'
2025-10-29 19:12:22,387 INFO Send command: 'ccw 3'
2025-10-29 19:12:22,688 INFO Response ccw 3: 'ok'
2025-10-29 19:12:22,890 INFO [2] forward total 192 cm
2025-10-29 19:12:22,890 INFO Send command: 'forward 60'
2025-10-29 19:12:26,303 INFO Response forward 60: 'ok'
2025-10-29 19:12:26,504 INFO Send command: 'forward 60'
2025-10-29 19:12:30,322 INFO Response forward 60: 'ok'
2025-10-29 19:12:30,524 INFO Send command: 'forward 60'
2025-10-29 19:12:34,237 INFO Response forward 60: 'ok'
2025-10-29 19:12:34,438 INFO Mission complete. Landing.
2025-10-29 19:12:34,439 INFO Send command: 'land'
2025-10-29 19:12:39,362 INFO Response land: 'ok'
2025-10-29 19:12:39,383 INFO Send command: 'streamoff'
2025-10-29 19:12:39,484 INFO Response streamoff: 'ok'
2025-10-29 19:12:39,486 INFO Done.
