2025-10-29 16:37:45,561 INFO Logging to logs/flight_20251029_163745.log
2025-10-29 16:37:45,562 INFO Altitude 90 cm, speed 30 cm/s, AI=ON policy=2
2025-10-29 16:37:45,563 INFO Tello instance was initialized. Host: '192.168.10.1'. Port: '8889'.
2025-10-29 16:37:45,563 INFO Connecting (attempt 1/4)...
2025-10-29 16:37:45,565 INFO Send command: 'command'
2025-10-29 16:37:45,666 INFO Response command: 'ok'
2025-10-29 16:37:45,768 INFO Battery 84%
2025-10-29 16:37:45,769 INFO Send command: 'streamon'
2025-10-29 16:37:45,871 INFO Response streamon: 'ok'
2025-10-29 16:37:48,047 INFO Send command: 'speed 30'
2025-10-29 16:37:48,149 INFO Response speed 30: 'ok'
2025-10-29 16:37:48,149 INFO Takeoff.
2025-10-29 16:37:48,151 INFO Send command: 'takeoff'
2025-10-29 16:37:54,891 INFO Response takeoff: 'ok'
2025-10-29 16:37:55,393 INFO Hovering for IMU stabilization (2.0s).
2025-10-29 16:37:57,395 INFO     climb chunk 1: 40 cm (rem 30)
2025-10-29 16:37:57,395 INFO Send command: 'up 40'
2025-10-29 16:37:59,610 INFO Response up 40: 'ok'
2025-10-29 16:37:59,811 INFO Send command: 'up 30'
2025-10-29 16:38:01,725 INFO Response up 30: 'ok'
2025-10-29 16:38:02,060 INFO [0] turn +178 deg
2025-10-29 16:38:02,061 INFO Send command (no response expected): 'rc 0 0 0 0'
2025-10-29 16:38:02,261 INFO     turn chunk 1: CCW 45 deg (rem 133)
2025-10-29 16:38:02,262 INFO Send command: 'ccw 45'
2025-10-29 16:38:03,767 INFO Response ccw 45: 'ok'
2025-10-29 16:38:03,969 INFO     turn chunk 2: CCW 45 deg (rem 88)
2025-10-29 16:38:03,969 INFO Send command: 'ccw 45'
2025-10-29 16:38:05,676 INFO Response ccw 45: 'ok'
2025-10-29 16:38:05,877 INFO     turn chunk 3: CCW 45 deg (rem 43)
2025-10-29 16:38:05,877 INFO Send command: 'ccw 45'
2025-10-29 16:38:07,184 INFO Response ccw 45: 'ok'
2025-10-29 16:38:07,385 INFO Send command: 'ccw 43'
2025-10-29 16:38:08,790 INFO Response ccw 43: 'ok'
2025-10-29 16:38:08,992 INFO [0] forward total 99 cm
2025-10-29 16:38:08,992 INFO Send command: 'forward 60'
2025-10-29 16:38:12,103 INFO Response forward 60: 'ok'
2025-10-29 16:38:12,304 INFO Send command: 'forward 39'
2025-10-29 16:38:14,614 INFO Response forward 39: 'ok'
2025-10-29 16:38:14,815 INFO [1] turn -81 deg
2025-10-29 16:38:14,815 INFO Send command (no response expected): 'rc 0 0 0 0'
2025-10-29 16:38:15,016 INFO     turn chunk 1: CW 45 deg (rem 36)
2025-10-29 16:38:15,016 INFO Send command: 'cw 45'
2025-10-29 16:38:16,521 INFO Response cw 45: 'ok'
2025-10-29 16:38:16,721 INFO Send command: 'cw 36'
2025-10-29 16:38:18,226 INFO Response cw 36: 'ok'
2025-10-29 16:38:18,427 INFO [1] forward total 76 cm
2025-10-29 16:38:18,427 INFO Send command: 'forward 60'
2025-10-29 16:38:21,038 INFO Response forward 60: 'ok'
2025-10-29 16:38:21,239 INFO [2] turn -95 deg
2025-10-29 16:38:21,239 INFO Send command (no response expected): 'rc 0 0 0 0'
2025-10-29 16:38:21,440 INFO     turn chunk 1: CW 45 deg (rem 50)
2025-10-29 16:38:21,440 INFO Send command: 'cw 45'
2025-10-29 16:38:22,745 INFO Response cw 45: 'ok'
2025-10-29 16:38:22,946 INFO     turn chunk 2: CW 45 deg (rem 5)
2025-10-29 16:38:22,946 INFO Send command: 'cw 45'
2025-10-29 16:38:22,947 INFO Response cw 45: 'ok'
2025-10-29 16:38:23,148 INFO Send command: 'cw 5'
2025-10-29 16:38:23,149 INFO Response cw 5: 'ok'
2025-10-29 16:38:23,349 INFO [2] forward total 93 cm
2025-10-29 16:38:23,350 INFO Send command: 'forward 60'
2025-10-29 16:38:23,350 INFO Response forward 60: 'ok'
2025-10-29 16:38:23,551 WARNING Heading drift: actual -44.0°, expected -56.0° -> correcting -10.0°
2025-10-29 16:38:23,551 INFO Send command (no response expected): 'rc 0 0 0 0'
2025-10-29 16:38:23,752 INFO Send command: 'cw 10'
2025-10-29 16:38:23,752 INFO Response cw 10: 'ok'
2025-10-29 16:38:23,952 INFO Send command: 'forward 33'
2025-10-29 16:38:23,953 INFO Response forward 33: 'ok'
2025-10-29 16:38:24,153 INFO [3] turn -89 deg
2025-10-29 16:38:24,154 INFO Send command (no response expected): 'rc 0 0 0 0'
2025-10-29 16:38:24,354 INFO     turn chunk 1: CW 45 deg (rem 44)
2025-10-29 16:38:24,354 INFO Send command: 'cw 45'
2025-10-29 16:38:24,355 INFO Response cw 45: 'ok'
2025-10-29 16:38:24,556 INFO Send command: 'cw 44'
2025-10-29 16:38:24,556 INFO Response cw 44: 'ok'
2025-10-29 16:38:24,757 INFO [3] forward total 69 cm
2025-10-29 16:38:24,757 INFO Send command: 'forward 60'
2025-10-29 16:38:25,761 INFO Response forward 60: 'ok'
2025-10-29 16:38:25,962 WARNING Heading drift: actual 14.0°, expected -14.0° -> correcting -10.0°
2025-10-29 16:38:25,962 INFO Send command (no response expected): 'rc 0 0 0 0'
2025-10-29 16:38:26,162 INFO Send command: 'cw 10'
2025-10-29 16:38:26,966 INFO Response cw 10: 'ok'
2025-10-29 16:38:27,167 INFO Mission complete. Landing.
2025-10-29 16:38:27,167 INFO Send command: 'land'
2025-10-29 16:38:29,275 INFO Response land: 'ok'
2025-10-29 16:38:29,450 INFO Send command: 'streamoff'
2025-10-29 16:38:29,550 INFO Response streamoff: 'ok'
2025-10-29 16:38:29,551 INFO Done.
