2025-10-16 17:30:42,012 INFO Logging to logs/flight_20251016_173042.log
2025-10-16 17:30:42,013 INFO Altitude 90 cm, speed 30 cm/s, AI=OFF policy=-
2025-10-16 17:30:42,014 INFO Connecting (attempt 1/4)...
2025-10-16 17:30:42,168 INFO Battery 89%
2025-10-16 17:30:42,324 INFO Takeoff.
2025-10-16 17:30:49,168 INFO Hovering for IMU stabilization (2.0s).
2025-10-16 17:30:51,170 INFO     climb chunk 1: 40 cm (rem 30)
2025-10-16 17:30:55,603 INFO [0] turn -1 deg
2025-10-16 17:30:55,604 WARNING turn -1 deg below MIN_TURN_DEG (2); skipping.
2025-10-16 17:30:55,604 INFO [0] forward total 153 cm
2025-10-16 17:31:07,491 INFO [1] turn +91 deg
2025-10-16 17:31:07,692 INFO     turn chunk 1: CCW 45 deg (rem 46)
2025-10-16 17:31:09,304 INFO     turn chunk 2: CCW 45 deg (rem 1)
2025-10-16 17:31:10,814 INFO     turn chunk 3: CCW 1 deg (rem 0)
2025-10-16 17:31:11,116 INFO [1] forward total 141 cm
2025-10-16 17:31:18,765 INFO [2] turn +90 deg
2025-10-16 17:31:18,967 INFO     turn chunk 1: CCW 45 deg (rem 45)
2025-10-16 17:31:20,681 INFO     turn chunk 2: CCW 45 deg (rem 0)
2025-10-16 17:31:22,295 INFO [2] forward total 150 cm
2025-10-16 17:31:29,646 INFO [3] turn +91 deg
2025-10-16 17:31:29,848 INFO     turn chunk 1: CCW 45 deg (rem 46)
2025-10-16 17:31:31,560 INFO     turn chunk 2: CCW 45 deg (rem 1)
2025-10-16 17:31:33,172 INFO     turn chunk 3: CCW 1 deg (rem 0)
2025-10-16 17:31:33,476 INFO [3] forward total 144 cm
2025-10-16 17:31:42,133 INFO Mission complete. Landing.
2025-10-16 17:31:46,363 INFO Done.
