2025-10-28 18:16:41,476 INFO Logging to logs/flight_20251028_181641.log
2025-10-28 18:16:41,477 INFO Altitude 90 cm, speed 30 cm/s, AI=OFF policy=-
2025-10-28 18:16:41,479 INFO Tello instance was initialized. Host: '192.168.10.1'. Port: '8889'.
2025-10-28 18:16:41,479 INFO Connecting (attempt 1/4)...
2025-10-28 18:16:41,482 INFO Send command: 'command'
2025-10-28 18:16:41,583 INFO Response command: 'ok'
2025-10-28 18:16:41,584 INFO Battery 38%
2025-10-28 18:16:41,586 INFO Send command: 'streamon'
2025-10-28 18:16:41,687 INFO Response streamon: 'ok'
2025-10-28 18:16:43,781 INFO Send command: 'speed 30'
2025-10-28 18:16:43,884 INFO Response speed 30: 'ok'
2025-10-28 18:16:43,884 INFO Takeoff.
2025-10-28 18:16:43,886 INFO Send command: 'takeoff'
2025-10-28 18:16:52,746 INFO Response takeoff: 'ok'
2025-10-28 18:16:53,247 INFO Hovering for IMU stabilization (2.0s).
2025-10-28 18:16:55,251 INFO     climb chunk 1: 40 cm (rem 30)
2025-10-28 18:16:55,252 INFO Send command: 'up 40'
2025-10-28 18:16:57,465 INFO Response up 40: 'ok'
2025-10-28 18:16:57,667 INFO Send command: 'up 30'
2025-10-28 18:16:59,371 INFO Response up 30: 'ok'
2025-10-28 18:16:59,572 INFO [0] turn +178 deg
2025-10-28 18:16:59,573 INFO Send command (no response expected): 'rc 0 0 0 0'
2025-10-28 18:16:59,774 INFO     turn chunk 1: CCW 45 deg (rem 133)
2025-10-28 18:16:59,775 INFO Send command: 'ccw 45'
2025-10-28 18:17:01,178 INFO Response ccw 45: 'ok'
2025-10-28 18:17:01,379 INFO     turn chunk 2: CCW 45 deg (rem 88)
2025-10-28 18:17:01,380 INFO Send command: 'ccw 45'
2025-10-28 18:17:02,984 INFO Response ccw 45: 'ok'
2025-10-28 18:17:03,190 INFO     turn chunk 3: CCW 45 deg (rem 43)
2025-10-28 18:17:03,191 INFO Send command: 'ccw 45'
2025-10-28 18:17:04,797 INFO Response ccw 45: 'ok'
2025-10-28 18:17:05,139 INFO     turn chunk 4: CCW 43 deg (rem 0)
2025-10-28 18:17:05,139 INFO Send command: 'ccw 43'
2025-10-28 18:17:06,543 INFO Response ccw 43: 'ok'
2025-10-28 18:17:06,744 INFO [0] forward total 99 cm
2025-10-28 18:17:06,745 INFO Send command: 'forward 60'
2025-10-28 18:17:09,960 INFO Response forward 60: 'ok'
