2025-10-16 17:41:50,939 INFO Logging to logs/flight_20251016_174150.log
2025-10-16 17:41:50,940 INFO Altitude 90 cm, speed 30 cm/s, AI=OFF policy=-
2025-10-16 17:41:50,942 INFO Connecting (attempt 1/4)...
2025-10-16 17:41:51,096 INFO Battery 74%
2025-10-16 17:41:51,250 INFO Takeoff.
2025-10-16 17:41:56,475 INFO Hovering for IMU stabilization (2.0s).
2025-10-16 17:41:58,477 INFO     climb chunk 1: 40 cm (rem 30)
2025-10-16 17:42:00,993 INFO [0] turn -1 deg
2025-10-16 17:42:00,993 WARNING turn -1 deg below MIN_TURN_DEG (2); skipping.
2025-10-16 17:42:00,994 INFO [0] forward total 153 cm
2025-10-16 17:42:05,523 INFO [1] turn +91 deg
2025-10-16 17:42:05,726 INFO     turn chunk 1: CCW 45 deg (rem 46)
2025-10-16 17:42:07,339 INFO     turn chunk 2: CCW 45 deg (rem 1)
2025-10-16 17:42:08,851 INFO     turn chunk 3: CCW 1 deg (rem 0)
2025-10-16 17:42:09,154 INFO [1] forward total 141 cm
2025-10-16 17:42:17,511 INFO [2] turn +90 deg
2025-10-16 17:42:17,712 INFO     turn chunk 1: CCW 45 deg (rem 45)
2025-10-16 17:42:19,324 INFO     turn chunk 2: CCW 45 deg (rem 0)
2025-10-16 17:42:20,935 INFO [2] forward total 150 cm
2025-10-16 17:42:29,692 INFO [3] turn +91 deg
2025-10-16 17:42:29,894 INFO     turn chunk 1: CCW 45 deg (rem 46)
2025-10-16 17:42:31,108 WARNING rotate_ccw failed (Command 'ccw 45' was unsuccessful for 4 tries. Latest response:	'error No valid imu'); retry 1/5 (IMU not ready).
2025-10-16 17:42:33,825 WARNING rotate_ccw failed (Command 'ccw 45' was unsuccessful for 4 tries. Latest response:	'error No valid imu'); retry 2/5 (IMU not ready).
2025-10-16 17:42:37,140 INFO     turn chunk 2: CCW 45 deg (rem 1)
2025-10-16 17:42:38,650 INFO     turn chunk 3: CCW 1 deg (rem 0)
2025-10-16 17:42:38,953 INFO [3] forward total 144 cm
2025-10-16 17:42:48,213 INFO Mission complete. Landing.
2025-10-16 17:42:52,037 INFO Done.
