2025-10-29 18:38:39,863 INFO Logging to logs\flight_20251029_183839.log
2025-10-29 18:38:39,864 INFO Altitude 90 cm, speed 30 cm/s
2025-10-29 18:38:39,865 INFO Tello instance was initialized. Host: '192.168.10.1'. Port: '8889'.
2025-10-29 18:38:39,865 INFO Connecting (attempt 1/4)...
2025-10-29 18:38:39,867 INFO Send command: 'command'
2025-10-29 18:38:39,968 INFO Response command: 'ok'
2025-10-29 18:38:40,021 INFO Battery 72%
2025-10-29 18:38:40,076 INFO Send command: 'streamon'
2025-10-29 18:38:40,178 INFO Response streamon: 'ok'
2025-10-29 18:38:42,469 INFO Send command: 'speed 30'
2025-10-29 18:38:42,573 INFO Response speed 30: 'ok'
2025-10-29 18:38:42,573 INFO Takeoff.
2025-10-29 18:38:42,575 INFO Send command: 'takeoff'
2025-10-29 18:38:48,899 INFO Response takeoff: 'ok'
2025-10-29 18:38:49,400 INFO Hovering for IMU stabilization (2.0s).
2025-10-29 18:38:51,401 INFO     climb chunk 1: 40 cm (rem 30)
2025-10-29 18:38:51,401 INFO Send command: 'up 40'
2025-10-29 18:38:53,910 INFO Response up 40: 'ok'
2025-10-29 18:38:54,111 INFO Send command: 'up 30'
2025-10-29 18:38:55,918 INFO Response up 30: 'ok'
2025-10-29 18:38:56,119 INFO [0] turn +89 deg
2025-10-29 18:38:56,120 INFO Send command (no response expected): 'rc 0 0 0 0'
2025-10-29 18:38:56,321 INFO     turn chunk 1: CCW 45 deg (rem 44)
2025-10-29 18:38:56,321 INFO Send command: 'ccw 45'
2025-10-29 18:38:57,728 INFO Response ccw 45: 'ok'
2025-10-29 18:38:57,929 INFO Send command: 'ccw 44'
2025-10-29 18:38:59,335 INFO Response ccw 44: 'ok'
2025-10-29 18:38:59,536 INFO [0] forward total 156 cm
2025-10-29 18:38:59,536 INFO Send command: 'forward 60'
2025-10-29 18:39:03,350 INFO Response forward 60: 'ok'
2025-10-29 18:39:03,552 INFO Send command: 'forward 60'
2025-10-29 18:39:06,380 ERROR KeyboardInterrupt - landing
2025-10-29 18:39:06,381 INFO Send command: 'land'
2025-10-29 18:39:06,582 INFO Response land: 'error Auto land'
2025-10-29 18:39:06,583 INFO Send command: 'land'
2025-10-29 18:39:12,805 INFO Response land: 'ok'
2025-10-29 18:39:12,843 INFO Send command: 'streamoff'
2025-10-29 18:39:12,944 INFO Response streamoff: 'ok'
2025-10-29 18:39:12,944 INFO Done.
