2025-10-29 18:39:15,886 INFO Logging to logs\flight_20251029_183915.log
2025-10-29 18:39:15,887 INFO Altitude 90 cm, speed 30 cm/s
2025-10-29 18:39:15,888 INFO Tello instance was initialized. Host: '192.168.10.1'. Port: '8889'.
2025-10-29 18:39:15,888 INFO Connecting (attempt 1/4)...
2025-10-29 18:39:15,890 INFO Send command: 'command'
2025-10-29 18:39:15,991 INFO Response command: 'ok'
2025-10-29 18:39:15,992 INFO Battery 56%
2025-10-29 18:39:15,994 INFO Send command: 'streamon'
2025-10-29 18:39:16,095 INFO Response streamon: 'ok'
2025-10-29 18:39:18,323 INFO Send command: 'speed 30'
2025-10-29 18:39:18,425 INFO Response speed 30: 'ok'
2025-10-29 18:39:18,426 INFO Takeoff.
2025-10-29 18:39:18,427 INFO Send command: 'takeoff'
2025-10-29 18:39:24,553 INFO Response takeoff: 'ok'
2025-10-29 18:39:25,054 INFO Hovering for IMU stabilization (2.0s).
2025-10-29 18:39:27,055 INFO     climb chunk 1: 40 cm (rem 30)
2025-10-29 18:39:27,056 INFO Send command: 'up 40'
2025-10-29 18:39:29,565 INFO Response up 40: 'ok'
2025-10-29 18:39:29,766 INFO Send command: 'up 30'
2025-10-29 18:39:31,674 INFO Response up 30: 'ok'
2025-10-29 18:39:31,875 INFO [0] turn +89 deg
2025-10-29 18:39:31,875 INFO Send command (no response expected): 'rc 0 0 0 0'
2025-10-29 18:39:32,076 INFO     turn chunk 1: CCW 45 deg (rem 44)
2025-10-29 18:39:32,076 INFO Send command: 'ccw 45'
2025-10-29 18:39:33,484 INFO Response ccw 45: 'ok'
2025-10-29 18:39:33,685 INFO Send command: 'ccw 44'
2025-10-29 18:39:35,189 INFO Response ccw 44: 'ok'
2025-10-29 18:39:35,390 INFO [0] forward total 156 cm
2025-10-29 18:39:35,390 INFO Send command: 'forward 60'
2025-10-29 18:39:38,703 INFO Response forward 60: 'ok'
2025-10-29 18:39:38,904 INFO Send command: 'forward 60'
2025-10-29 18:39:42,319 INFO Response forward 60: 'ok'
2025-10-29 18:39:42,520 INFO Send command: 'forward 36'
2025-10-29 18:39:44,830 INFO Response forward 36: 'ok'
2025-10-29 18:39:45,032 INFO [1] turn +176 deg
2025-10-29 18:39:45,032 INFO Send command (no response expected): 'rc 0 0 0 0'
2025-10-29 18:39:45,233 INFO     turn chunk 1: CCW 45 deg (rem 131)
2025-10-29 18:39:45,233 INFO Send command: 'ccw 45'
2025-10-29 18:39:46,639 INFO Response ccw 45: 'ok'
2025-10-29 18:39:46,841 INFO     turn chunk 2: CCW 45 deg (rem 86)
2025-10-29 18:39:46,841 INFO Send command: 'ccw 45'
2025-10-29 18:39:48,348 INFO Response ccw 45: 'ok'
2025-10-29 18:39:48,549 INFO     turn chunk 3: CCW 45 deg (rem 41)
2025-10-29 18:39:48,549 INFO Send command: 'ccw 45'
2025-10-29 18:39:49,955 INFO Response ccw 45: 'ok'
2025-10-29 18:39:50,156 INFO Send command: 'ccw 41'
2025-10-29 18:39:51,462 INFO Response ccw 41: 'ok'
2025-10-29 18:39:51,663 INFO [1] forward total 36 cm
2025-10-29 18:39:51,663 INFO Send command: 'forward 36'
2025-10-29 18:39:53,974 INFO Response forward 36: 'ok'
2025-10-29 18:39:54,175 INFO [2] turn +3 deg
2025-10-29 18:39:54,175 INFO Send command (no response expected): 'rc 0 0 0 0'
2025-10-29 18:39:54,376 INFO Send command: 'ccw 3'
2025-10-29 18:39:54,678 INFO Response ccw 3: 'ok'
2025-10-29 18:39:54,879 INFO [2] forward total 192 cm
2025-10-29 18:39:54,879 INFO Send command: 'forward 60'
2025-10-29 18:39:58,293 INFO Response forward 60: 'ok'
2025-10-29 18:39:58,494 INFO Send command: 'forward 60'
2025-10-29 18:40:01,412 ERROR KeyboardInterrupt - landing
2025-10-29 18:40:01,413 INFO Send command: 'land'
2025-10-29 18:40:01,615 INFO Response land: 'error Auto land'
2025-10-29 18:40:01,616 INFO Send command: 'land'
2025-10-29 18:40:05,029 INFO Response land: 'ok'
2025-10-29 18:40:05,163 INFO Send command: 'streamoff'
2025-10-29 18:40:05,264 INFO Response streamoff: 'ok'
2025-10-29 18:40:05,265 INFO Done.
