2025-10-28 17:00:03,255 INFO Logging to logs/flight_20251028_170003.log
2025-10-28 17:00:03,256 INFO Altitude 90 cm, speed 30 cm/s, AI=OFF policy=-
2025-10-28 17:00:03,257 INFO Tello instance was initialized. Host: '192.168.10.1'. Port: '8889'.
2025-10-28 17:00:03,257 INFO Connecting (attempt 1/4)...
2025-10-28 17:00:03,259 INFO Send command: 'command'
2025-10-28 17:00:03,361 INFO Response command: 'ok'
2025-10-28 17:00:03,361 INFO Battery 53%
2025-10-28 17:00:03,363 INFO Send command: 'speed 30'
2025-10-28 17:00:03,465 INFO Response speed 30: 'ok'
2025-10-28 17:00:03,465 INFO Takeoff.
2025-10-28 17:00:03,467 INFO Send command: 'takeoff'
2025-10-28 17:00:10,612 INFO Response takeoff: 'ok'
2025-10-28 17:00:11,114 INFO Hovering for IMU stabilization (2.0s).
2025-10-28 17:00:13,117 INFO     climb chunk 1: 40 cm (rem 30)
2025-10-28 17:00:13,117 INFO Send command: 'up 40'
2025-10-28 17:00:15,229 INFO Response up 40: 'ok'
2025-10-28 17:00:15,431 INFO Send command: 'up 30'
2025-10-28 17:00:17,544 INFO Response up 30: 'ok'
2025-10-28 17:00:17,745 INFO [0] turn -147 deg
2025-10-28 17:00:17,745 INFO Send command (no response expected): 'rc 0 0 0 0'
2025-10-28 17:00:17,947 INFO     turn chunk 1: CW 45 deg (rem 102)
2025-10-28 17:00:17,947 INFO Send command: 'cw 45'
2025-10-28 17:00:19,455 INFO Response cw 45: 'ok'
2025-10-28 17:00:19,657 INFO     turn chunk 2: CW 45 deg (rem 57)
2025-10-28 17:00:19,657 INFO Send command: 'cw 45'
2025-10-28 17:00:26,700 WARNING Aborting command 'cw 45'. Did not receive a response after 7 seconds
2025-10-28 17:00:26,700 INFO Send command: 'cw 45'
2025-10-28 17:00:33,730 WARNING Aborting command 'cw 45'. Did not receive a response after 7 seconds
2025-10-28 17:00:33,731 INFO Send command: 'cw 45'
2025-10-28 17:00:40,770 WARNING Aborting command 'cw 45'. Did not receive a response after 7 seconds
2025-10-28 17:00:40,770 INFO Send command: 'cw 45'
2025-10-28 17:00:44,046 ERROR KeyboardInterrupt - landing
2025-10-28 17:00:44,046 INFO Send command: 'land'
2025-10-28 17:00:47,671 INFO Response land: 'ok'
2025-10-28 17:00:47,672 INFO Done.
