2025-10-29 17:11:33,181 INFO Logging to logs/flight_20251029_171133.log
2025-10-29 17:11:33,182 INFO Altitude 90 cm, speed 30 cm/s, AI=ON policy=2
2025-10-29 17:11:33,183 INFO Tello instance was initialized. Host: '192.168.10.1'. Port: '8889'.
2025-10-29 17:11:33,184 INFO Connecting (attempt 1/4)...
2025-10-29 17:11:33,186 INFO Send command: 'command'
2025-10-29 17:11:33,288 INFO Response command: 'ok'
2025-10-29 17:11:33,289 INFO Battery 44%
2025-10-29 17:11:33,291 INFO Send command: 'streamon'
2025-10-29 17:11:33,393 INFO Response streamon: 'ok'
2025-10-29 17:11:35,550 INFO Send command: 'speed 30'
2025-10-29 17:11:35,652 INFO Response speed 30: 'ok'
2025-10-29 17:11:35,653 INFO Takeoff.
2025-10-29 17:11:35,655 INFO Send command: 'takeoff'
2025-10-29 17:11:39,280 INFO Response takeoff: 'ok'
2025-10-29 17:11:39,782 INFO Hovering for IMU stabilization (2.0s).
2025-10-29 17:11:41,783 INFO     climb chunk 1: 40 cm (rem 30)
2025-10-29 17:11:41,784 INFO Send command: 'up 40'
2025-10-29 17:11:44,302 INFO Response up 40: 'ok'
2025-10-29 17:11:44,504 INFO Send command: 'up 30'
2025-10-29 17:11:46,618 INFO Response up 30: 'ok'
2025-10-29 17:11:46,957 INFO [0] turn +89 deg
2025-10-29 17:11:46,958 INFO Send command (no response expected): 'rc 0 0 0 0'
2025-10-29 17:11:47,159 INFO     turn chunk 1: CCW 45 deg (rem 44)
2025-10-29 17:11:47,160 INFO Send command: 'ccw 45'
2025-10-29 17:11:48,465 INFO Response ccw 45: 'ok'
2025-10-29 17:11:48,668 INFO Send command: 'ccw 44'
2025-10-29 17:11:50,075 INFO Response ccw 44: 'ok'
2025-10-29 17:11:50,275 INFO [0] forward total 156 cm
2025-10-29 17:11:50,276 INFO Send command: 'forward 60'
2025-10-29 17:11:53,287 INFO Response forward 60: 'ok'
2025-10-29 17:11:53,488 INFO Send command: 'forward 60'
2025-10-29 17:11:56,403 INFO Response forward 60: 'ok'
2025-10-29 17:11:56,604 INFO Send command: 'forward 36'
2025-10-29 17:11:58,613 INFO Response forward 36: 'ok'
2025-10-29 17:11:58,814 INFO [1] turn +176 deg
2025-10-29 17:11:58,814 INFO Send command (no response expected): 'rc 0 0 0 0'
2025-10-29 17:11:59,015 INFO     turn chunk 1: CCW 45 deg (rem 131)
2025-10-29 17:11:59,016 INFO Send command: 'ccw 45'
2025-10-29 17:12:00,522 INFO Response ccw 45: 'ok'
2025-10-29 17:12:00,722 INFO     turn chunk 2: CCW 45 deg (rem 86)
2025-10-29 17:12:00,723 INFO Send command: 'ccw 45'
2025-10-29 17:12:02,028 INFO Response ccw 45: 'ok'
2025-10-29 17:12:02,229 INFO     turn chunk 3: CCW 45 deg (rem 41)
2025-10-29 17:12:02,230 INFO Send command: 'ccw 45'
2025-10-29 17:12:03,735 INFO Response ccw 45: 'ok'
2025-10-29 17:12:03,936 INFO Send command: 'ccw 41'
2025-10-29 17:12:05,241 INFO Response ccw 41: 'ok'
2025-10-29 17:12:05,442 INFO [1] forward total 36 cm
2025-10-29 17:12:05,442 INFO Send command: 'forward 36'
2025-10-29 17:12:07,549 INFO Response forward 36: 'ok'
2025-10-29 17:12:07,751 INFO [2] turn +3 deg
2025-10-29 17:12:07,751 INFO Send command (no response expected): 'rc 0 0 0 0'
2025-10-29 17:12:07,952 INFO Send command: 'ccw 3'
2025-10-29 17:12:08,253 INFO Response ccw 3: 'ok'
2025-10-29 17:12:08,454 INFO [2] forward total 192 cm
2025-10-29 17:12:08,454 INFO Send command: 'forward 60'
2025-10-29 17:12:11,566 INFO Response forward 60: 'ok'
2025-10-29 17:12:11,766 INFO Send command: 'forward 60'
2025-10-29 17:12:15,080 INFO Response forward 60: 'ok'
2025-10-29 17:12:15,281 INFO Send command: 'forward 60'
2025-10-29 17:12:18,399 INFO Response forward 60: 'ok'
2025-10-29 17:12:18,601 INFO Mission complete. Landing.
2025-10-29 17:12:18,602 INFO Send command: 'land'
2025-10-29 17:12:21,815 INFO Response land: 'ok'
2025-10-29 17:12:21,963 INFO Send command: 'streamoff'
2025-10-29 17:12:22,063 INFO Response streamoff: 'ok'
2025-10-29 17:12:22,064 INFO Done.
