2025-10-29 14:10:47,662 INFO Logging to logs/flight_20251029_141047.log
2025-10-29 14:10:47,662 INFO Altitude 90 cm, speed 30 cm/s, AI=ON policy=2
2025-10-29 14:10:47,663 INFO Tello instance was initialized. Host: '192.168.10.1'. Port: '8889'.
2025-10-29 14:10:47,664 INFO Connecting (attempt 1/4)...
2025-10-29 14:10:47,665 INFO Send command: 'command'
2025-10-29 14:10:47,666 WARNING connect error: [WinError 10051] A socket operation was attempted to an unreachable network
2025-10-29 14:10:48,699 INFO Connecting (attempt 2/4)...
2025-10-29 14:10:48,701 INFO Send command: 'command'
2025-10-29 14:10:55,795 WARNING Aborting command 'command'. Did not receive a response after 7 seconds
2025-10-29 14:10:55,807 INFO Send command: 'command'
2025-10-29 14:11:02,829 WARNING Aborting command 'command'. Did not receive a response after 7 seconds
2025-10-29 14:11:02,829 INFO Send command: 'command'
2025-10-29 14:11:02,930 INFO Response command: 'ok'
2025-10-29 14:11:02,981 INFO Battery 51%
2025-10-29 14:11:03,033 INFO Send command: 'streamon'
2025-10-29 14:11:03,133 INFO Response streamon: 'ok'
2025-10-29 14:11:05,306 INFO Send command: 'speed 30'
2025-10-29 14:11:05,411 INFO Response speed 30: 'ok'
2025-10-29 14:11:05,411 INFO Takeoff.
2025-10-29 14:11:05,413 INFO Send command: 'takeoff'
2025-10-29 14:11:11,241 INFO Response takeoff: 'ok'
2025-10-29 14:11:11,742 INFO Hovering for IMU stabilization (2.0s).
2025-10-29 14:11:13,744 INFO     climb chunk 1: 40 cm (rem 30)
2025-10-29 14:11:13,745 INFO Send command: 'up 40'
2025-10-29 14:11:16,159 INFO Response up 40: 'ok'
2025-10-29 14:11:16,361 INFO Send command: 'up 30'
2025-10-29 14:11:18,271 INFO Response up 30: 'ok'
2025-10-29 14:11:18,617 INFO [0] turn +178 deg
2025-10-29 14:11:18,618 INFO Send command (no response expected): 'rc 0 0 0 0'
2025-10-29 14:11:18,819 INFO     turn chunk 1: CCW 45 deg (rem 133)
2025-10-29 14:11:18,820 INFO Send command: 'ccw 45'
2025-10-29 14:11:20,126 INFO Response ccw 45: 'ok'
2025-10-29 14:11:20,327 INFO     turn chunk 2: CCW 45 deg (rem 88)
2025-10-29 14:11:20,327 INFO Send command: 'ccw 45'
2025-10-29 14:11:21,733 INFO Response ccw 45: 'ok'
2025-10-29 14:11:21,933 INFO     turn chunk 3: CCW 45 deg (rem 43)
2025-10-29 14:11:21,934 INFO Send command: 'ccw 45'
2025-10-29 14:11:21,934 INFO Response ccw 45: 'ok'
2025-10-29 14:11:22,135 INFO Send command: 'ccw 43'
2025-10-29 14:11:23,339 INFO Response ccw 43: 'ok'
2025-10-29 14:11:23,540 INFO [0] forward total 99 cm
2025-10-29 14:11:23,542 INFO Send command: 'forward 60'
2025-10-29 14:11:26,754 INFO Response forward 60: 'ok'
2025-10-29 14:11:26,955 INFO Send command: 'forward 39'
2025-10-29 14:11:28,963 INFO Response forward 39: 'ok'
2025-10-29 14:11:29,164 INFO [1] turn -81 deg
2025-10-29 14:11:29,164 INFO Send command (no response expected): 'rc 0 0 0 0'
2025-10-29 14:11:29,365 INFO     turn chunk 1: CW 45 deg (rem 36)
2025-10-29 14:11:29,366 INFO Send command: 'cw 45'
2025-10-29 14:11:30,770 INFO Response cw 45: 'ok'
2025-10-29 14:11:30,972 INFO Send command: 'cw 36'
2025-10-29 14:11:32,278 INFO Response cw 36: 'ok'
2025-10-29 14:11:32,479 INFO [1] forward total 76 cm
2025-10-29 14:11:32,479 INFO Send command: 'forward 60'
2025-10-29 14:11:35,090 INFO Response forward 60: 'ok'
2025-10-29 14:11:35,291 INFO [2] turn -95 deg
2025-10-29 14:11:35,291 INFO Send command (no response expected): 'rc 0 0 0 0'
2025-10-29 14:11:35,492 INFO     turn chunk 1: CW 45 deg (rem 50)
2025-10-29 14:11:35,492 INFO Send command: 'cw 45'
2025-10-29 14:11:36,798 INFO Response cw 45: 'ok'
2025-10-29 14:11:36,999 INFO     turn chunk 2: CW 45 deg (rem 5)
2025-10-29 14:11:36,999 INFO Send command: 'cw 45'
2025-10-29 14:11:38,606 INFO Response cw 45: 'ok'
2025-10-29 14:11:38,807 INFO Send command: 'cw 5'
2025-10-29 14:11:39,412 INFO Response cw 5: 'ok'
2025-10-29 14:11:39,613 INFO [2] forward total 93 cm
2025-10-29 14:11:39,613 INFO Send command: 'forward 60'
2025-10-29 14:11:42,526 INFO Response forward 60: 'ok'
2025-10-29 14:11:42,727 INFO Send command: 'forward 33'
2025-10-29 14:11:44,937 INFO Response forward 33: 'ok'
2025-10-29 14:11:45,138 INFO [3] turn -89 deg
2025-10-29 14:11:45,139 INFO Send command (no response expected): 'rc 0 0 0 0'
2025-10-29 14:11:45,339 INFO     turn chunk 1: CW 45 deg (rem 44)
2025-10-29 14:11:45,340 INFO Send command: 'cw 45'
2025-10-29 14:11:46,646 INFO Response cw 45: 'ok'
2025-10-29 14:11:46,846 INFO Send command: 'cw 44'
2025-10-29 14:11:48,251 INFO Response cw 44: 'ok'
2025-10-29 14:11:48,453 INFO [3] forward total 69 cm
2025-10-29 14:11:48,453 INFO Send command: 'forward 60'
2025-10-29 14:11:51,264 INFO Response forward 60: 'ok'
2025-10-29 14:11:51,465 INFO Mission complete. Landing.
2025-10-29 14:11:51,465 INFO Send command: 'land'
2025-10-29 14:11:58,091 INFO Response land: 'ok'
2025-10-29 14:11:58,219 INFO Send command: 'streamoff'
2025-10-29 14:11:58,320 INFO Response streamoff: 'ok'
2025-10-29 14:11:58,321 INFO Done.
