2025-10-29 13:34:21,616 INFO Logging to logs/flight_20251029_133421.log
2025-10-29 13:34:21,617 INFO Altitude 90 cm, speed 30 cm/s, AI=ON policy=2
2025-10-29 13:34:21,618 INFO Tello instance was initialized. Host: '192.168.10.1'. Port: '8889'.
2025-10-29 13:34:21,618 INFO Connecting (attempt 1/4)...
2025-10-29 13:34:21,620 INFO Send command: 'command'
2025-10-29 13:34:21,723 INFO Response command: 'ok'
2025-10-29 13:34:21,724 INFO Battery 54%
2025-10-29 13:34:21,727 INFO Send command: 'streamon'
2025-10-29 13:34:21,829 INFO Response streamon: 'ok'
2025-10-29 13:34:24,017 INFO Send command: 'speed 30'
2025-10-29 13:34:24,120 INFO Response speed 30: 'ok'
2025-10-29 13:34:24,121 INFO Takeoff.
2025-10-29 13:34:24,125 INFO Send command: 'takeoff'
2025-10-29 13:34:29,360 INFO Response takeoff: 'ok'
2025-10-29 13:34:29,862 INFO Hovering for IMU stabilization (2.0s).
2025-10-29 13:34:31,864 INFO     climb chunk 1: 40 cm (rem 30)
2025-10-29 13:34:31,865 INFO Send command: 'up 40'
2025-10-29 13:34:34,181 INFO Response up 40: 'ok'
2025-10-29 13:34:34,382 INFO Send command: 'up 30'
2025-10-29 13:34:36,600 INFO Response up 30: 'ok'
2025-10-29 13:34:36,935 INFO [0] turn +178 deg
2025-10-29 13:34:36,935 INFO Send command (no response expected): 'rc 0 0 0 0'
2025-10-29 13:34:37,136 INFO     turn chunk 1: CCW 45 deg (rem 133)
2025-10-29 13:34:37,137 INFO Send command: 'ccw 45'
2025-10-29 13:34:38,643 INFO Response ccw 45: 'ok'
2025-10-29 13:34:38,844 INFO     turn chunk 2: CCW 45 deg (rem 88)
2025-10-29 13:34:38,845 INFO Send command: 'ccw 45'
2025-10-29 13:34:40,353 INFO Response ccw 45: 'ok'
2025-10-29 13:34:40,554 INFO     turn chunk 3: CCW 45 deg (rem 43)
2025-10-29 13:34:40,554 INFO Send command: 'ccw 45'
2025-10-29 13:34:42,262 INFO Response ccw 45: 'ok'
2025-10-29 13:34:42,463 INFO Send command: 'ccw 43'
2025-10-29 13:34:43,768 INFO Response ccw 43: 'ok'
2025-10-29 13:34:43,969 INFO [0] forward total 99 cm
2025-10-29 13:34:43,969 INFO Send command: 'forward 60'
2025-10-29 13:34:46,982 INFO Response forward 60: 'ok'
2025-10-29 13:34:47,184 INFO Send command: 'forward 39'
2025-10-29 13:34:49,192 INFO Response forward 39: 'ok'
2025-10-29 13:34:49,393 INFO [1] turn -81 deg
2025-10-29 13:34:49,394 INFO Send command (no response expected): 'rc 0 0 0 0'
2025-10-29 13:34:49,595 INFO     turn chunk 1: CW 45 deg (rem 36)
2025-10-29 13:34:49,595 INFO Send command: 'cw 45'
2025-10-29 13:34:51,001 INFO Response cw 45: 'ok'
2025-10-29 13:34:51,202 INFO Send command: 'cw 36'
2025-10-29 13:34:52,508 INFO Response cw 36: 'ok'
2025-10-29 13:34:52,709 INFO [1] forward total 76 cm
2025-10-29 13:34:52,711 INFO Send command: 'forward 60'
2025-10-29 13:34:55,521 INFO Response forward 60: 'ok'
2025-10-29 13:34:55,722 INFO [2] turn -95 deg
2025-10-29 13:34:55,723 INFO Send command (no response expected): 'rc 0 0 0 0'
2025-10-29 13:34:55,923 INFO     turn chunk 1: CW 45 deg (rem 50)
2025-10-29 13:34:55,923 INFO Send command: 'cw 45'
2025-10-29 13:34:57,429 INFO Response cw 45: 'ok'
2025-10-29 13:34:57,630 INFO     turn chunk 2: CW 45 deg (rem 5)
2025-10-29 13:34:57,630 INFO Send command: 'cw 45'
2025-10-29 13:34:59,236 INFO Response cw 45: 'ok'
2025-10-29 13:34:59,437 INFO Send command: 'cw 5'
2025-10-29 13:34:59,940 INFO Response cw 5: 'ok'
2025-10-29 13:35:00,141 INFO [2] forward total 93 cm
2025-10-29 13:35:00,142 INFO Send command: 'forward 60'
2025-10-29 13:35:02,953 INFO Response forward 60: 'ok'
2025-10-29 13:35:03,154 INFO Send command: 'forward 33'
2025-10-29 13:35:05,062 INFO Response forward 33: 'ok'
2025-10-29 13:35:05,263 INFO [3] turn -89 deg
2025-10-29 13:35:05,263 INFO Send command (no response expected): 'rc 0 0 0 0'
2025-10-29 13:35:05,464 INFO     turn chunk 1: CW 45 deg (rem 44)
2025-10-29 13:35:05,464 INFO Send command: 'cw 45'
2025-10-29 13:35:07,272 INFO Response cw 45: 'ok'
2025-10-29 13:35:07,472 INFO Send command: 'cw 44'
2025-10-29 13:35:08,878 INFO Response cw 44: 'ok'
2025-10-29 13:35:09,079 INFO [3] forward total 69 cm
2025-10-29 13:35:09,080 INFO Send command: 'forward 60'
2025-10-29 13:35:11,891 INFO Response forward 60: 'ok'
2025-10-29 13:35:12,092 INFO Mission complete. Landing.
2025-10-29 13:35:12,092 INFO Send command: 'land'
2025-10-29 13:35:17,006 INFO Response land: 'ok'
2025-10-29 13:35:17,185 INFO Send command: 'streamoff'
2025-10-29 13:35:17,286 INFO Response streamoff: 'ok'
2025-10-29 13:35:17,286 INFO Done.
