2025-10-29 17:02:19,756 INFO Logging to logs/flight_20251029_170219.log
2025-10-29 17:02:19,757 INFO Altitude 90 cm, speed 30 cm/s, AI=ON policy=2
2025-10-29 17:02:19,759 INFO Tello instance was initialized. Host: '192.168.10.1'. Port: '8889'.
2025-10-29 17:02:19,759 INFO Connecting (attempt 1/4)...
2025-10-29 17:02:19,761 INFO Send command: 'command'
2025-10-29 17:02:19,863 INFO Response command: 'ok'
2025-10-29 17:02:19,865 INFO Battery 88%
2025-10-29 17:02:19,867 INFO Send command: 'streamon'
2025-10-29 17:02:19,968 INFO Response streamon: 'ok'
2025-10-29 17:02:22,172 INFO Send command: 'speed 30'
2025-10-29 17:02:22,274 INFO Response speed 30: 'ok'
2025-10-29 17:02:22,275 INFO Takeoff.
2025-10-29 17:02:22,278 INFO Send command: 'takeoff'
2025-10-29 17:02:26,402 INFO Response takeoff: 'ok'
2025-10-29 17:02:26,903 INFO Hovering for IMU stabilization (2.0s).
2025-10-29 17:02:28,905 INFO     climb chunk 1: 40 cm (rem 30)
2025-10-29 17:02:28,906 INFO Send command: 'up 40'
2025-10-29 17:02:31,520 INFO Response up 40: 'ok'
2025-10-29 17:02:31,722 INFO Send command: 'up 30'
2025-10-29 17:02:33,634 INFO Response up 30: 'ok'
2025-10-29 17:02:33,976 INFO [0] turn -147 deg
2025-10-29 17:02:33,976 INFO Send command (no response expected): 'rc 0 0 0 0'
2025-10-29 17:02:34,179 INFO     turn chunk 1: CW 45 deg (rem 102)
2025-10-29 17:02:34,180 INFO Send command: 'cw 45'
2025-10-29 17:02:35,585 INFO Response cw 45: 'ok'
2025-10-29 17:02:35,786 INFO     turn chunk 2: CW 45 deg (rem 57)
2025-10-29 17:02:35,786 INFO Send command: 'cw 45'
2025-10-29 17:02:37,193 INFO Response cw 45: 'ok'
2025-10-29 17:02:37,394 INFO     turn chunk 3: CW 45 deg (rem 12)
2025-10-29 17:02:37,394 INFO Send command: 'cw 45'
2025-10-29 17:02:38,799 INFO Response cw 45: 'ok'
2025-10-29 17:02:39,000 INFO Send command: 'cw 12'
2025-10-29 17:02:39,807 INFO Response cw 12: 'ok'
2025-10-29 17:02:40,009 INFO [0] forward total 180 cm
2025-10-29 17:02:40,009 INFO Send command: 'forward 60'
2025-10-29 17:02:43,021 INFO Response forward 60: 'ok'
2025-10-29 17:02:43,221 INFO Send command: 'forward 60'
2025-10-29 17:02:45,106 ERROR KeyboardInterrupt - landing
2025-10-29 17:02:45,107 INFO Send command: 'land'
2025-10-29 17:02:45,308 INFO Response land: 'error Auto land'
2025-10-29 17:02:45,309 INFO Send command: 'land'
2025-10-29 17:02:48,723 INFO Response land: 'ok'
2025-10-29 17:02:48,737 INFO Send command: 'streamoff'
2025-10-29 17:02:48,837 INFO Response streamoff: 'ok'
2025-10-29 17:02:48,838 INFO Done.
