2025-10-29 13:07:18,022 INFO Logging to logs/flight_20251029_130718.log
2025-10-29 13:07:18,022 INFO Altitude 90 cm, speed 30 cm/s, AI=OFF policy=-
2025-10-29 13:07:18,024 INFO Tello instance was initialized. Host: '192.168.10.1'. Port: '8889'.
2025-10-29 13:07:18,024 INFO Connecting (attempt 1/4)...
2025-10-29 13:07:18,026 INFO Send command: 'command'
2025-10-29 13:07:18,127 INFO Response command: 'ok'
2025-10-29 13:07:19,145 WARNING connect error: Did not receive a state packet from the Tello
2025-10-29 13:07:20,146 INFO Connecting (attempt 2/4)...
2025-10-29 13:07:20,147 INFO Send command: 'command'
2025-10-29 13:07:20,249 INFO Response command: 'ok'
2025-10-29 13:07:21,268 WARNING connect error: Did not receive a state packet from the Tello
2025-10-29 13:07:22,269 INFO Connecting (attempt 3/4)...
2025-10-29 13:07:22,270 INFO Send command: 'command'
2025-10-29 13:07:22,371 INFO Response command: 'ok'
2025-10-29 13:07:23,390 WARNING connect error: Did not receive a state packet from the Tello
2025-10-29 13:07:24,392 INFO Connecting (attempt 4/4)...
2025-10-29 13:07:24,392 INFO Send command: 'command'
2025-10-29 13:07:24,493 INFO Response command: 'ok'
2025-10-29 13:07:25,512 WARNING connect error: Did not receive a state packet from the Tello
2025-10-29 13:07:26,514 ERROR Unable to connect. Check TELLO Wi-Fi / power / close other Tello apps.
