2025-10-29 17:06:44,951 INFO Logging to logs/flight_20251029_170644.log
2025-10-29 17:06:44,952 INFO Altitude 70 cm, speed 30 cm/s, AI=ON policy=2
2025-10-29 17:06:44,953 INFO Tello instance was initialized. Host: '192.168.10.1'. Port: '8889'.
2025-10-29 17:06:44,954 INFO Connecting (attempt 1/4)...
2025-10-29 17:06:44,956 INFO Send command: 'command'
2025-10-29 17:06:45,057 INFO Response command: 'ok'
2025-10-29 17:06:45,059 INFO Battery 66%
2025-10-29 17:06:45,062 INFO Send command: 'streamon'
2025-10-29 17:06:45,163 INFO Response streamon: 'ok'
2025-10-29 17:06:47,268 INFO Send command: 'speed 30'
2025-10-29 17:06:47,371 INFO Response speed 30: 'ok'
2025-10-29 17:06:47,372 INFO Takeoff.
2025-10-29 17:06:47,374 INFO Send command: 'takeoff'
2025-10-29 17:06:53,917 INFO Response takeoff: 'ok'
2025-10-29 17:06:54,418 INFO Hovering for IMU stabilization (2.0s).
2025-10-29 17:06:56,419 INFO     climb chunk 1: 40 cm (rem 10)
2025-10-29 17:06:56,420 INFO Send command: 'up 40'
2025-10-29 17:06:59,540 INFO Response up 40: 'ok'
2025-10-29 17:06:59,742 INFO Send command: 'up 10'
2025-10-29 17:06:59,843 INFO Response up 10: 'out of range'
2025-10-29 17:06:59,845 INFO Send command: 'up 10'
2025-10-29 17:06:59,946 INFO Response up 10: 'out of range'
2025-10-29 17:06:59,948 INFO Send command: 'up 10'
2025-10-29 17:07:00,048 INFO Response up 10: 'out of range'
2025-10-29 17:07:00,050 INFO Send command: 'up 10'
2025-10-29 17:07:00,151 INFO Response up 10: 'out of range'
2025-10-29 17:07:00,153 WARNING move_up failed (Command 'up 10' was unsuccessful for 5 tries. Latest response:	'out of range'); retry 1/2
2025-10-29 17:07:00,354 INFO Send command: 'up 10'
2025-10-29 17:07:00,455 INFO Response up 10: 'out of range'
2025-10-29 17:07:00,457 INFO Send command: 'up 10'
2025-10-29 17:07:00,559 INFO Response up 10: 'out of range'
2025-10-29 17:07:00,560 INFO Send command: 'up 10'
2025-10-29 17:07:00,661 INFO Response up 10: 'out of range'
2025-10-29 17:07:00,663 INFO Send command: 'up 10'
2025-10-29 17:07:00,764 INFO Response up 10: 'out of range'
2025-10-29 17:07:00,765 WARNING move_up failed (Command 'up 10' was unsuccessful for 5 tries. Latest response:	'out of range'); retry 2/2
2025-10-29 17:07:00,966 INFO Send command: 'up 10'
2025-10-29 17:07:01,067 INFO Response up 10: 'out of range'
2025-10-29 17:07:01,069 INFO Send command: 'up 10'
2025-10-29 17:07:01,171 INFO Response up 10: 'out of range'
2025-10-29 17:07:01,172 INFO Send command: 'up 10'
2025-10-29 17:07:01,273 INFO Response up 10: 'out of range'
2025-10-29 17:07:01,275 INFO Send command: 'up 10'
2025-10-29 17:07:01,376 INFO Response up 10: 'out of range'
2025-10-29 17:07:01,377 ERROR move_up failed after 3 tries: Command 'up 10' was unsuccessful for 5 tries. Latest response:	'out of range'
2025-10-29 17:07:01,377 WARNING move_up(10) failed; continuing without additional climb: Command 'up 10' was unsuccessful for 5 tries. Latest response:	'out of range'
2025-10-29 17:07:01,521 INFO [0] turn +90 deg
2025-10-29 17:07:01,521 INFO Send command (no response expected): 'rc 0 0 0 0'
2025-10-29 17:07:01,558 ERROR KeyboardInterrupt - landing
2025-10-29 17:07:01,560 INFO Send command: 'land'
2025-10-29 17:07:03,166 INFO Response land: 'ok'
2025-10-29 17:07:03,218 INFO Send command: 'streamoff'
2025-10-29 17:07:03,319 INFO Response streamoff: 'ok'
2025-10-29 17:07:03,320 INFO Done.
