2025-10-20 18:38:17,836 INFO Logging to logs/flight_20251020_183817.log
2025-10-20 18:38:17,837 INFO Altitude 90 cm, speed 30 cm/s, AI=OFF policy=-
2025-10-20 18:38:17,838 INFO Tello instance was initialized. Host: '192.168.10.1'. Port: '8889'.
2025-10-20 18:38:17,838 INFO Connecting (attempt 1/4)...
2025-10-20 18:38:17,840 INFO Send command: 'command'
2025-10-20 18:38:17,941 INFO Response command: 'ok'
2025-10-20 18:38:17,992 INFO Battery 92%
2025-10-20 18:38:18,045 INFO Send command: 'streamon'
2025-10-20 18:38:18,147 INFO Response streamon: 'ok'
2025-10-20 18:38:20,566 INFO Send command: 'speed 30'
2025-10-20 18:38:20,767 INFO Response speed 30: 'ok'
2025-10-20 18:38:20,768 INFO Takeoff.
2025-10-20 18:38:20,770 INFO Send command: 'takeoff'
2025-10-20 18:38:40,795 WARNING Aborting command 'takeoff'. Did not receive a response after 20 seconds
2025-10-20 18:38:40,796 INFO Send command: 'takeoff'
2025-10-20 18:38:45,229 INFO Response takeoff: 'ok'
2025-10-20 18:38:45,731 INFO Hovering for IMU stabilization (2.0s).
2025-10-20 18:38:47,734 INFO     climb chunk 1: 40 cm (rem 30)
2025-10-20 18:38:47,734 INFO Send command: 'up 40'
2025-10-20 18:38:54,808 WARNING Aborting command 'up 40'. Did not receive a response after 7 seconds
2025-10-20 18:38:54,808 INFO Send command: 'up 40'
2025-10-20 18:38:57,022 INFO Response up 40: 'ok'
2025-10-20 18:38:57,223 INFO Send command: 'up 30'
2025-10-20 18:39:01,317 INFO Send command: 'land'
