2025-10-29 18:12:43,742 INFO Logging to logs\flight_20251029_181243.log
2025-10-29 18:12:43,744 INFO Altitude 90 cm, speed 30 cm/s
2025-10-29 18:12:43,745 INFO Tello instance was initialized. Host: '192.168.10.1'. Port: '8889'.
2025-10-29 18:12:43,745 INFO Connecting (attempt 1/4)...
2025-10-29 18:12:43,748 INFO Send command: 'command'
2025-10-29 18:12:43,849 INFO Response command: 'ok'
2025-10-29 18:12:43,849 INFO Battery 45%
2025-10-29 18:12:43,851 INFO Send command: 'streamon'
2025-10-29 18:12:43,952 INFO Response streamon: 'ok'
2025-10-29 18:12:46,241 INFO Send command: 'speed 30'
2025-10-29 18:12:46,344 INFO Response speed 30: 'ok'
2025-10-29 18:12:46,346 INFO Takeoff.
2025-10-29 18:12:46,349 INFO Send command: 'takeoff'
2025-10-29 18:12:55,186 INFO Response takeoff: 'ok'
2025-10-29 18:12:55,687 INFO Hovering for IMU stabilization (2.0s).
2025-10-29 18:12:57,688 INFO     climb chunk 1: 40 cm (rem 30)
2025-10-29 18:12:57,688 INFO Send command: 'up 40'
2025-10-29 18:13:00,500 INFO Response up 40: 'ok'
2025-10-29 18:13:00,700 INFO Send command: 'up 30'
2025-10-29 18:13:00,701 INFO Response up 30: 'ok'
2025-10-29 18:13:00,902 INFO [0] turn +89 deg
2025-10-29 18:13:00,902 INFO Send command (no response expected): 'rc 0 0 0 0'
2025-10-29 18:13:01,103 INFO     turn chunk 1: CCW 45 deg (rem 44)
2025-10-29 18:13:01,104 INFO Send command: 'ccw 45'
2025-10-29 18:13:01,104 INFO Response ccw 45: 'ok'
2025-10-29 18:13:01,305 INFO Send command: 'ccw 44'
2025-10-29 18:13:01,305 INFO Response ccw 44: 'ok'
2025-10-29 18:13:01,506 INFO [0] forward total 156 cm
2025-10-29 18:13:01,506 INFO Send command: 'forward 60'
2025-10-29 18:13:01,506 INFO Response forward 60: 'ok'
2025-10-29 18:13:01,707 INFO Send command: 'forward 60'
2025-10-29 18:13:01,708 INFO Response forward 60: 'ok'
2025-10-29 18:13:01,908 INFO Send command: 'forward 36'
2025-10-29 18:13:01,909 INFO Response forward 36: 'ok'
2025-10-29 18:13:02,110 INFO [1] turn +176 deg
2025-10-29 18:13:02,110 INFO Send command (no response expected): 'rc 0 0 0 0'
2025-10-29 18:13:02,311 INFO     turn chunk 1: CCW 45 deg (rem 131)
2025-10-29 18:13:02,311 INFO Send command: 'ccw 45'
2025-10-29 18:13:02,311 INFO Response ccw 45: 'ok'
2025-10-29 18:13:02,512 INFO     turn chunk 2: CCW 45 deg (rem 86)
2025-10-29 18:13:02,512 INFO Send command: 'ccw 45'
2025-10-29 18:13:02,512 INFO Response ccw 45: 'ok'
2025-10-29 18:13:02,713 INFO     turn chunk 3: CCW 45 deg (rem 41)
2025-10-29 18:13:02,714 INFO Send command: 'ccw 45'
2025-10-29 18:13:02,714 INFO Response ccw 45: 'ok'
2025-10-29 18:13:02,914 INFO Send command: 'ccw 41'
2025-10-29 18:13:02,915 INFO Response ccw 41: 'ok'
2025-10-29 18:13:03,115 INFO [1] forward total 36 cm
2025-10-29 18:13:03,115 INFO Send command: 'forward 36'
2025-10-29 18:13:03,116 INFO Response forward 36: 'ok'
2025-10-29 18:13:03,316 WARNING Heading drift: actual -174.0°, expected -166.0° -> correcting 8.0°
2025-10-29 18:13:03,317 INFO Send command (no response expected): 'rc 0 0 0 0'
2025-10-29 18:13:03,518 INFO Send command: 'ccw 8'
2025-10-29 18:13:03,518 INFO Response ccw 8: 'ok'
2025-10-29 18:13:03,719 INFO [2] turn +3 deg
2025-10-29 18:13:03,719 INFO Send command (no response expected): 'rc 0 0 0 0'
2025-10-29 18:13:03,920 INFO Send command: 'ccw 3'
2025-10-29 18:13:03,921 INFO Response ccw 3: 'ok'
2025-10-29 18:13:04,122 INFO [2] forward total 192 cm
2025-10-29 18:13:04,122 INFO Send command: 'forward 60'
2025-10-29 18:13:04,122 INFO Response forward 60: 'ok'
2025-10-29 18:13:04,323 INFO Target 'bottle' detected; engaging
2025-10-29 18:13:04,351 INFO Send command: 'ccw 10'
2025-10-29 18:13:04,352 INFO Response ccw 10: 'ok'
2025-10-29 18:13:05,564 INFO Send command: 'forward 60'
2025-10-29 18:13:05,565 INFO Response forward 60: 'ok'
2025-10-29 18:13:05,766 INFO Send command: 'forward 60'
2025-10-29 18:13:08,676 INFO Response forward 60: 'ok'
2025-10-29 18:13:08,877 INFO Mission complete. Landing.
2025-10-29 18:13:08,878 INFO Send command: 'land'
2025-10-29 18:13:13,796 INFO Response land: 'ok'
2025-10-29 18:13:13,982 INFO Send command: 'streamoff'
2025-10-29 18:13:14,083 INFO Response streamoff: 'ok'
2025-10-29 18:13:14,084 INFO Done.
