2025-10-28 18:32:08,500 INFO Logging to logs/flight_20251028_183208.log
2025-10-28 18:32:08,501 INFO Altitude 90 cm, speed 30 cm/s, AI=ON policy=2
2025-10-28 18:32:08,503 INFO Tello instance was initialized. Host: '192.168.10.1'. Port: '8889'.
2025-10-28 18:32:08,503 INFO Connecting (attempt 1/4)...
2025-10-28 18:32:08,506 INFO Send command: 'command'
2025-10-28 18:32:08,607 INFO Response command: 'ok'
2025-10-28 18:32:08,608 INFO Battery 69%
2025-10-28 18:32:08,610 INFO Send command: 'streamon'
2025-10-28 18:32:08,710 INFO Response streamon: 'ok'
2025-10-28 18:32:10,836 INFO Send command: 'speed 30'
2025-10-28 18:32:10,946 INFO Response speed 30: 'ok'
2025-10-28 18:32:10,947 INFO Takeoff.
2025-10-28 18:32:10,950 INFO Send command: 'takeoff'
2025-10-28 18:32:15,682 INFO Response takeoff: 'ok'
2025-10-28 18:32:16,184 INFO Hovering for IMU stabilization (2.0s).
2025-10-28 18:32:18,187 INFO     climb chunk 1: 40 cm (rem 30)
2025-10-28 18:32:18,188 INFO Send command: 'up 40'
2025-10-28 18:32:20,893 INFO Response up 40: 'ok'
2025-10-28 18:32:21,094 INFO Send command: 'up 30'
2025-10-28 18:32:23,299 INFO Response up 30: 'ok'
2025-10-28 18:32:24,280 INFO [0] turn +178 deg
2025-10-28 18:32:24,281 INFO Send command (no response expected): 'rc 0 0 0 0'
2025-10-28 18:32:24,483 INFO     turn chunk 1: CCW 45 deg (rem 133)
2025-10-28 18:32:24,484 INFO Send command: 'ccw 45'
2025-10-28 18:32:25,891 INFO Response ccw 45: 'ok'
2025-10-28 18:32:26,092 INFO     turn chunk 2: CCW 45 deg (rem 88)
2025-10-28 18:32:26,093 INFO Send command: 'ccw 45'
2025-10-28 18:32:27,497 INFO Response ccw 45: 'ok'
2025-10-28 18:32:27,698 INFO     turn chunk 3: CCW 45 deg (rem 43)
2025-10-28 18:32:27,699 INFO Send command: 'ccw 45'
2025-10-28 18:32:29,103 INFO Response ccw 45: 'ok'
2025-10-28 18:32:29,445 INFO     turn chunk 4: CCW 43 deg (rem 0)
2025-10-28 18:32:29,446 INFO Send command: 'ccw 43'
2025-10-28 18:32:30,750 INFO Response ccw 43: 'ok'
2025-10-28 18:32:30,952 INFO [0] forward total 99 cm
2025-10-28 18:32:30,952 INFO Send command: 'forward 60'
2025-10-28 18:32:34,059 INFO Response forward 60: 'ok'
2025-10-28 18:32:34,260 INFO Send command: 'forward 39'
2025-10-28 18:32:36,465 INFO Response forward 39: 'ok'
2025-10-28 18:32:36,666 INFO [1] turn -81 deg
2025-10-28 18:32:36,666 INFO Send command (no response expected): 'rc 0 0 0 0'
2025-10-28 18:32:36,867 INFO     turn chunk 1: CW 45 deg (rem 36)
2025-10-28 18:32:36,868 INFO Send command: 'cw 45'
2025-10-28 18:32:38,172 INFO Response cw 45: 'ok'
2025-10-28 18:32:38,373 INFO     turn chunk 2: CW 36 deg (rem 0)
2025-10-28 18:32:38,374 INFO Send command: 'cw 36'
2025-10-28 18:32:39,679 INFO Response cw 36: 'ok'
2025-10-28 18:32:40,019 INFO [1] forward total 76 cm
2025-10-28 18:32:40,019 INFO Send command: 'forward 60'
2025-10-28 18:32:43,025 INFO Response forward 60: 'ok'
2025-10-28 18:32:43,226 INFO [2] turn -95 deg
2025-10-28 18:32:43,227 INFO Send command (no response expected): 'rc 0 0 0 0'
2025-10-28 18:32:43,428 INFO     turn chunk 1: CW 45 deg (rem 50)
2025-10-28 18:32:43,428 INFO Send command: 'cw 45'
2025-10-28 18:32:44,731 INFO Response cw 45: 'ok'
2025-10-28 18:32:45,071 INFO     turn chunk 2: CW 45 deg (rem 5)
2025-10-28 18:32:45,072 INFO Send command: 'cw 45'
2025-10-28 18:32:46,477 INFO Response cw 45: 'ok'
2025-10-28 18:32:46,678 INFO     turn chunk 3: CW 5 deg (rem 0)
2025-10-28 18:32:46,679 INFO Send command: 'cw 5'
2025-10-28 18:32:47,180 INFO Response cw 5: 'ok'
2025-10-28 18:32:47,381 INFO [2] forward total 93 cm
2025-10-28 18:32:47,382 INFO Send command: 'forward 60'
2025-10-28 18:32:50,488 INFO Response forward 60: 'ok'
2025-10-28 18:32:50,828 INFO Send command: 'forward 33'
2025-10-28 18:32:52,732 INFO Response forward 33: 'ok'
2025-10-28 18:32:52,934 INFO [3] turn -89 deg
2025-10-28 18:32:52,935 INFO Send command (no response expected): 'rc 0 0 0 0'
2025-10-28 18:32:53,135 INFO     turn chunk 1: CW 45 deg (rem 44)
2025-10-28 18:32:53,136 INFO Send command: 'cw 45'
2025-10-28 18:32:54,554 INFO Response cw 45: 'ok'
2025-10-28 18:32:54,756 INFO     turn chunk 2: CW 44 deg (rem 0)
2025-10-28 18:32:54,757 INFO Send command: 'cw 44'
2025-10-28 18:32:56,160 INFO Response cw 44: 'ok'
2025-10-28 18:32:56,362 INFO [3] forward total 69 cm
2025-10-28 18:32:56,364 INFO Send command: 'forward 60'
2025-10-28 18:32:59,270 INFO Response forward 60: 'ok'
2025-10-28 18:32:59,473 INFO Mission complete. Landing.
2025-10-28 18:32:59,473 INFO Send command: 'land'
2025-10-28 18:33:03,384 INFO Response land: 'ok'
2025-10-28 18:33:04,543 INFO Send command: 'streamoff'
2025-10-28 18:33:04,644 INFO Response streamoff: 'ok'
2025-10-28 18:33:04,645 INFO Done.
