2025-10-29 17:07:38,798 INFO Logging to logs/flight_20251029_170738.log
2025-10-29 17:07:38,799 INFO Altitude 90 cm, speed 30 cm/s, AI=ON policy=2
2025-10-29 17:07:38,800 INFO Tello instance was initialized. Host: '192.168.10.1'. Port: '8889'.
2025-10-29 17:07:38,801 INFO Connecting (attempt 1/4)...
2025-10-29 17:07:38,803 INFO Send command: 'command'
2025-10-29 17:07:38,904 INFO Response command: 'ok'
2025-10-29 17:07:38,906 INFO Battery 65%
2025-10-29 17:07:38,909 INFO Send command: 'streamon'
2025-10-29 17:07:39,010 INFO Response streamon: 'ok'
2025-10-29 17:07:41,190 INFO Send command: 'speed 30'
2025-10-29 17:07:41,291 INFO Response speed 30: 'ok'
2025-10-29 17:07:41,292 INFO Takeoff.
2025-10-29 17:07:41,294 INFO Send command: 'takeoff'
2025-10-29 17:07:47,935 INFO Response takeoff: 'ok'
2025-10-29 17:07:48,437 INFO Hovering for IMU stabilization (2.0s).
2025-10-29 17:07:50,439 INFO     climb chunk 1: 40 cm (rem 30)
2025-10-29 17:07:50,439 INFO Send command: 'up 40'
2025-10-29 17:07:52,957 INFO Response up 40: 'ok'
2025-10-29 17:07:53,158 INFO Send command: 'up 30'
2025-10-29 17:07:55,173 INFO Response up 30: 'ok'
2025-10-29 17:07:55,516 INFO [0] turn +90 deg
2025-10-29 17:07:55,517 INFO Send command (no response expected): 'rc 0 0 0 0'
2025-10-29 17:07:55,718 INFO     turn chunk 1: CCW 45 deg (rem 45)
2025-10-29 17:07:55,719 INFO Send command: 'ccw 45'
2025-10-29 17:07:57,125 INFO Response ccw 45: 'ok'
2025-10-29 17:07:57,327 INFO Send command: 'ccw 45'
2025-10-29 17:07:58,734 INFO Response ccw 45: 'ok'
2025-10-29 17:07:58,935 INFO [0] forward total 156 cm
2025-10-29 17:07:58,935 INFO Send command: 'forward 60'
2025-10-29 17:08:02,046 INFO Response forward 60: 'ok'
2025-10-29 17:08:02,246 INFO Send command: 'forward 60'
2025-10-29 17:08:05,258 INFO Response forward 60: 'ok'
2025-10-29 17:08:05,459 INFO Send command: 'forward 36'
2025-10-29 17:08:07,466 INFO Response forward 36: 'ok'
2025-10-29 17:08:07,668 INFO [1] forward total 156 cm
2025-10-29 17:08:07,668 INFO Send command: 'forward 60'
2025-10-29 17:08:09,973 ERROR KeyboardInterrupt - landing
2025-10-29 17:08:09,973 INFO Send command: 'land'
2025-10-29 17:08:13,086 INFO Response land: 'ok'
2025-10-29 17:08:13,204 INFO Send command: 'streamoff'
2025-10-29 17:08:13,304 INFO Response streamoff: 'ok'
2025-10-29 17:08:13,305 INFO Done.
