2025-10-29 18:56:01,799 INFO Logging to logs\flight_20251029_185601.log
2025-10-29 18:56:01,800 INFO Altitude 90 cm, speed 30 cm/s
2025-10-29 18:56:01,801 INFO Tello instance was initialized. Host: '192.168.10.1'. Port: '8889'.
2025-10-29 18:56:01,801 INFO Connecting (attempt 1/4)...
2025-10-29 18:56:01,804 INFO Send command: 'command'
2025-10-29 18:56:01,905 INFO Response command: 'ok'
2025-10-29 18:56:01,957 INFO Battery 90%
2025-10-29 18:56:02,010 INFO Send command: 'streamon'
2025-10-29 18:56:02,112 INFO Response streamon: 'ok'
2025-10-29 18:56:04,369 INFO Send command: 'speed 30'
2025-10-29 18:56:04,471 INFO Response speed 30: 'ok'
2025-10-29 18:56:04,472 INFO Takeoff.
2025-10-29 18:56:04,474 INFO Send command: 'takeoff'
2025-10-29 18:56:11,001 INFO Response takeoff: 'ok'
2025-10-29 18:56:11,502 INFO Hovering for IMU stabilization (2.0s).
2025-10-29 18:56:13,503 INFO     climb chunk 1: 40 cm (rem 30)
2025-10-29 18:56:13,504 INFO Send command: 'up 40'
2025-10-29 18:56:15,612 INFO Response up 40: 'ok'
2025-10-29 18:56:15,813 INFO Send command: 'up 30'
2025-10-29 18:56:18,123 INFO Response up 30: 'ok'
2025-10-29 18:56:18,324 INFO [0] turn +89 deg
2025-10-29 18:56:18,324 INFO Send command (no response expected): 'rc 0 0 0 0'
2025-10-29 18:56:18,525 INFO     turn chunk 1: CCW 45 deg (rem 44)
2025-10-29 18:56:18,525 INFO Send command: 'ccw 45'
2025-10-29 18:56:19,932 INFO Response ccw 45: 'ok'
2025-10-29 18:56:20,133 INFO Send command: 'ccw 44'
2025-10-29 18:56:21,538 INFO Response ccw 44: 'ok'
2025-10-29 18:56:21,739 INFO [0] forward total 156 cm
2025-10-29 18:56:21,740 INFO Send command: 'forward 60'
2025-10-29 18:56:24,750 INFO Response forward 60: 'ok'
2025-10-29 18:56:24,951 INFO Target 'bottle' detected; engaging
2025-10-29 18:56:25,200 INFO Send command: 'cw 19'
2025-10-29 18:56:26,308 INFO Response cw 19: 'ok'
2025-10-29 18:56:26,620 INFO Send command: 'ccw 19'
2025-10-29 18:56:27,526 INFO Response ccw 19: 'ok'
2025-10-29 18:56:27,729 INFO Send command: 'forward 60'
2025-10-29 18:56:30,943 INFO Response forward 60: 'ok'
2025-10-29 18:56:31,144 INFO Target 'bottle' detected; engaging
2025-10-29 18:56:31,349 INFO Send command: 'cw 20'
2025-10-29 18:56:32,255 INFO Response cw 20: 'ok'
2025-10-29 18:56:32,578 INFO Send command: 'ccw 7'
2025-10-29 18:56:33,486 INFO Response ccw 7: 'ok'
2025-10-29 18:56:33,807 INFO Send command: 'down 20'
2025-10-29 18:56:36,220 INFO Response down 20: 'ok'
2025-10-29 18:56:36,537 INFO Send command: 'down 20'
2025-10-29 18:56:38,349 INFO Response down 20: 'ok'
2025-10-29 18:56:38,664 INFO Send command: 'ccw 8'
2025-10-29 18:56:39,370 INFO Response ccw 8: 'ok'
2025-10-29 18:56:39,679 INFO Send command: 'up 20'
2025-10-29 18:56:41,288 INFO Response up 20: 'ok'
2025-10-29 18:56:41,605 INFO Send command: 'down 20'
2025-10-29 18:56:43,821 INFO Response down 20: 'ok'
2025-10-29 18:56:44,023 INFO Send command: 'cw 8'
2025-10-29 18:56:44,729 INFO Response cw 8: 'ok'
2025-10-29 18:56:44,930 INFO Send command: 'up 20'
2025-10-29 18:56:46,843 INFO Response up 20: 'ok'
2025-10-29 18:56:47,044 INFO Send command: 'up 20'
2025-10-29 18:56:49,059 INFO Response up 20: 'ok'
2025-10-29 18:56:49,260 INFO Send command: 'cw 7'
2025-10-29 18:56:49,864 INFO Response cw 7: 'ok'
2025-10-29 18:56:50,065 INFO Send command: 'ccw 20'
2025-10-29 18:56:51,073 INFO Response ccw 20: 'ok'
2025-10-29 18:56:51,275 INFO Send command: 'forward 36'
2025-10-29 18:56:53,383 INFO Response forward 36: 'ok'
2025-10-29 18:56:53,584 INFO [1] turn +176 deg
2025-10-29 18:56:53,585 INFO Send command (no response expected): 'rc 0 0 0 0'
2025-10-29 18:56:53,786 INFO     turn chunk 1: CCW 45 deg (rem 131)
2025-10-29 18:56:53,786 INFO Send command: 'ccw 45'
2025-10-29 18:56:55,092 INFO Response ccw 45: 'ok'
2025-10-29 18:56:55,293 INFO     turn chunk 2: CCW 45 deg (rem 86)
2025-10-29 18:56:55,293 INFO Send command: 'ccw 45'
2025-10-29 18:56:56,598 INFO Response ccw 45: 'ok'
2025-10-29 18:56:56,798 INFO     turn chunk 3: CCW 45 deg (rem 41)
2025-10-29 18:56:56,799 INFO Send command: 'ccw 45'
2025-10-29 18:56:58,204 INFO Response ccw 45: 'ok'
2025-10-29 18:56:58,405 INFO Send command: 'ccw 41'
2025-10-29 18:56:59,610 INFO Response ccw 41: 'ok'
2025-10-29 18:56:59,811 INFO [1] forward total 36 cm
2025-10-29 18:56:59,812 INFO Send command: 'forward 36'
2025-10-29 18:57:01,719 INFO Response forward 36: 'ok'
2025-10-29 18:57:01,920 INFO [2] turn +3 deg
2025-10-29 18:57:01,920 INFO Send command (no response expected): 'rc 0 0 0 0'
2025-10-29 18:57:02,121 INFO Send command: 'ccw 3'
2025-10-29 18:57:02,524 INFO Response ccw 3: 'ok'
2025-10-29 18:57:02,725 INFO [2] forward total 192 cm
2025-10-29 18:57:02,725 INFO Send command: 'forward 60'
2025-10-29 18:57:05,837 INFO Response forward 60: 'ok'
2025-10-29 18:57:06,038 INFO Send command: 'forward 60'
2025-10-29 18:57:09,150 INFO Response forward 60: 'ok'
2025-10-29 18:57:09,351 INFO Send command: 'forward 60'
2025-10-29 18:57:12,364 INFO Response forward 60: 'ok'
2025-10-29 18:57:12,565 INFO Mission complete. Landing.
2025-10-29 18:57:12,566 INFO Send command: 'land'
2025-10-29 18:57:15,979 INFO Response land: 'ok'
2025-10-29 18:57:16,168 INFO Send command: 'streamoff'
2025-10-29 18:57:16,269 INFO Response streamoff: 'ok'
2025-10-29 18:57:16,269 INFO Done.
