2025-10-29 18:43:43,605 INFO Logging to logs\flight_20251029_184343.log
2025-10-29 18:43:43,605 INFO Altitude 90 cm, speed 30 cm/s
2025-10-29 18:43:43,606 INFO Tello instance was initialized. Host: '192.168.10.1'. Port: '8889'.
2025-10-29 18:43:43,607 INFO Connecting (attempt 1/4)...
2025-10-29 18:43:43,608 INFO Send command: 'command'
2025-10-29 18:43:43,710 INFO Response command: 'ok'
2025-10-29 18:43:43,762 INFO Battery 57%
2025-10-29 18:43:43,814 INFO Send command: 'streamon'
2025-10-29 18:43:43,916 INFO Response streamon: 'ok'
2025-10-29 18:43:46,186 INFO Send command: 'speed 30'
2025-10-29 18:43:46,290 INFO Response speed 30: 'ok'
2025-10-29 18:43:46,291 INFO Takeoff.
2025-10-29 18:43:46,296 INFO Send command: 'takeoff'
2025-10-29 18:43:50,313 INFO Response takeoff: 'ok'
2025-10-29 18:43:50,814 INFO Hovering for IMU stabilization (2.0s).
2025-10-29 18:43:52,815 INFO     climb chunk 1: 40 cm (rem 30)
2025-10-29 18:43:52,815 INFO Send command: 'up 40'
2025-10-29 18:43:55,176 INFO Response up 40: 'ok'
2025-10-29 18:43:55,377 INFO Send command: 'up 30'
2025-10-29 18:43:57,585 INFO Response up 30: 'ok'
2025-10-29 18:43:57,787 INFO [0] turn +89 deg
2025-10-29 18:43:57,787 INFO Send command (no response expected): 'rc 0 0 0 0'
2025-10-29 18:43:57,989 INFO     turn chunk 1: CCW 45 deg (rem 44)
2025-10-29 18:43:57,989 INFO Send command: 'ccw 45'
2025-10-29 18:43:59,594 INFO Response ccw 45: 'ok'
2025-10-29 18:43:59,794 INFO Send command: 'ccw 44'
2025-10-29 18:44:01,098 INFO Response ccw 44: 'ok'
2025-10-29 18:44:01,299 INFO [0] forward total 156 cm
2025-10-29 18:44:01,300 INFO Send command: 'forward 60'
2025-10-29 18:44:04,512 INFO Response forward 60: 'ok'
2025-10-29 18:44:04,713 INFO Send command: 'forward 60'
2025-10-29 18:44:08,426 INFO Response forward 60: 'ok'
2025-10-29 18:44:08,627 INFO Send command: 'forward 36'
2025-10-29 18:44:10,637 INFO Response forward 36: 'ok'
2025-10-29 18:44:10,839 INFO [1] turn +176 deg
2025-10-29 18:44:10,839 INFO Send command (no response expected): 'rc 0 0 0 0'
2025-10-29 18:44:11,040 INFO     turn chunk 1: CCW 45 deg (rem 131)
2025-10-29 18:44:11,041 INFO Send command: 'ccw 45'
2025-10-29 18:44:12,749 INFO Response ccw 45: 'ok'
2025-10-29 18:44:12,950 INFO     turn chunk 2: CCW 45 deg (rem 86)
2025-10-29 18:44:12,950 INFO Send command: 'ccw 45'
2025-10-29 18:44:14,357 INFO Response ccw 45: 'ok'
2025-10-29 18:44:14,557 INFO     turn chunk 3: CCW 45 deg (rem 41)
2025-10-29 18:44:14,558 INFO Send command: 'ccw 45'
2025-10-29 18:44:15,863 INFO Response ccw 45: 'ok'
2025-10-29 18:44:16,065 INFO Send command: 'ccw 41'
2025-10-29 18:44:17,472 INFO Response ccw 41: 'ok'
2025-10-29 18:44:17,673 INFO [1] forward total 36 cm
2025-10-29 18:44:17,674 INFO Send command: 'forward 36'
2025-10-29 18:44:19,381 INFO Response forward 36: 'ok'
2025-10-29 18:44:19,582 INFO [2] turn +3 deg
2025-10-29 18:44:19,582 INFO Send command (no response expected): 'rc 0 0 0 0'
2025-10-29 18:44:19,783 INFO Send command: 'ccw 3'
2025-10-29 18:44:20,084 INFO Response ccw 3: 'ok'
2025-10-29 18:44:20,285 INFO [2] forward total 192 cm
2025-10-29 18:44:20,285 INFO Send command: 'forward 60'
2025-10-29 18:44:23,396 INFO Response forward 60: 'ok'
2025-10-29 18:44:23,598 INFO Send command: 'forward 60'
2025-10-29 18:44:26,609 INFO Response forward 60: 'ok'
2025-10-29 18:44:26,809 INFO Send command: 'forward 60'
2025-10-29 18:44:29,920 INFO Response forward 60: 'ok'
2025-10-29 18:44:30,120 INFO Mission complete. Landing.
2025-10-29 18:44:30,121 INFO Send command: 'land'
2025-10-29 18:44:32,529 INFO Response land: 'ok'
2025-10-29 18:44:32,640 INFO Send command: 'streamoff'
2025-10-29 18:44:32,741 INFO Response streamoff: 'ok'
2025-10-29 18:44:32,742 INFO Done.
