2025-10-29 16:40:15,527 INFO Logging to logs/flight_20251029_164015.log
2025-10-29 16:40:15,527 INFO Altitude 90 cm, speed 30 cm/s, AI=ON policy=2
2025-10-29 16:40:15,529 INFO Tello instance was initialized. Host: '192.168.10.1'. Port: '8889'.
2025-10-29 16:40:15,529 INFO Connecting (attempt 1/4)...
2025-10-29 16:40:15,531 INFO Send command: 'command'
2025-10-29 16:40:15,632 INFO Response command: 'ok'
2025-10-29 16:40:15,632 INFO Battery 63%
2025-10-29 16:40:15,635 INFO Send command: 'streamon'
2025-10-29 16:40:15,737 INFO Response streamon: 'ok'
2025-10-29 16:40:17,916 INFO Send command: 'speed 30'
2025-10-29 16:40:18,017 INFO Response speed 30: 'ok'
2025-10-29 16:40:18,018 INFO Takeoff.
2025-10-29 16:40:18,020 INFO Send command: 'takeoff'
2025-10-29 16:40:26,879 INFO Response takeoff: 'ok'
2025-10-29 16:40:27,380 INFO Hovering for IMU stabilization (2.0s).
2025-10-29 16:40:29,381 INFO     climb chunk 1: 40 cm (rem 30)
2025-10-29 16:40:29,382 INFO Send command: 'up 40'
2025-10-29 16:40:31,798 INFO Response up 40: 'ok'
2025-10-29 16:40:31,999 INFO Send command: 'up 30'
2025-10-29 16:40:34,417 INFO Response up 30: 'ok'
2025-10-29 16:40:34,762 INFO [0] turn +178 deg
2025-10-29 16:40:34,763 INFO Send command (no response expected): 'rc 0 0 0 0'
2025-10-29 16:40:34,964 INFO     turn chunk 1: CCW 45 deg (rem 133)
2025-10-29 16:40:34,964 INFO Send command: 'ccw 45'
2025-10-29 16:40:36,369 INFO Response ccw 45: 'ok'
2025-10-29 16:40:36,570 INFO     turn chunk 2: CCW 45 deg (rem 88)
2025-10-29 16:40:36,570 INFO Send command: 'ccw 45'
2025-10-29 16:40:37,874 INFO Response ccw 45: 'ok'
2025-10-29 16:40:38,075 INFO     turn chunk 3: CCW 45 deg (rem 43)
2025-10-29 16:40:38,076 INFO Send command: 'ccw 45'
2025-10-29 16:40:39,581 INFO Response ccw 45: 'ok'
2025-10-29 16:40:39,782 INFO Send command: 'ccw 43'
2025-10-29 16:40:41,390 INFO Response ccw 43: 'ok'
2025-10-29 16:40:41,591 INFO [0] forward total 99 cm
2025-10-29 16:40:41,591 INFO Send command: 'forward 60'
2025-10-29 16:40:44,704 INFO Response forward 60: 'ok'
2025-10-29 16:40:44,906 INFO Send command: 'forward 39'
2025-10-29 16:40:47,015 INFO Response forward 39: 'ok'
2025-10-29 16:40:47,217 INFO [1] turn -81 deg
2025-10-29 16:40:47,217 INFO Send command (no response expected): 'rc 0 0 0 0'
2025-10-29 16:40:47,418 INFO     turn chunk 1: CW 45 deg (rem 36)
2025-10-29 16:40:47,418 INFO Send command: 'cw 45'
2025-10-29 16:40:48,923 INFO Response cw 45: 'ok'
2025-10-29 16:40:49,123 INFO Send command: 'cw 36'
2025-10-29 16:40:50,530 INFO Response cw 36: 'ok'
2025-10-29 16:40:50,731 INFO [1] forward total 76 cm
2025-10-29 16:40:50,731 INFO Send command: 'forward 60'
2025-10-29 16:40:53,541 INFO Response forward 60: 'ok'
2025-10-29 16:40:53,742 INFO [2] turn -95 deg
2025-10-29 16:40:53,743 INFO Send command (no response expected): 'rc 0 0 0 0'
2025-10-29 16:40:53,943 INFO     turn chunk 1: CW 45 deg (rem 50)
2025-10-29 16:40:53,943 INFO Send command: 'cw 45'
2025-10-29 16:40:53,944 INFO Response cw 45: 'ok'
2025-10-29 16:40:54,144 INFO     turn chunk 2: CW 45 deg (rem 5)
2025-10-29 16:40:54,144 INFO Send command: 'cw 45'
2025-10-29 16:40:54,145 INFO Response cw 45: 'ok'
2025-10-29 16:40:54,345 INFO Send command: 'cw 5'
2025-10-29 16:40:54,346 INFO Response cw 5: 'ok'
2025-10-29 16:40:54,547 INFO [2] forward total 93 cm
2025-10-29 16:40:54,547 INFO Send command: 'forward 60'
2025-10-29 16:40:54,547 INFO Response forward 60: 'ok'
2025-10-29 16:40:54,748 WARNING Heading drift: actual -82.0°, expected -90.0° -> correcting -8.0°
2025-10-29 16:40:54,748 INFO Send command (no response expected): 'rc 0 0 0 0'
2025-10-29 16:40:54,949 INFO Send command: 'cw 8'
2025-10-29 16:40:54,949 INFO Response cw 8: 'ok'
2025-10-29 16:40:55,150 INFO Send command: 'forward 33'
2025-10-29 16:40:55,151 INFO Response forward 33: 'ok'
2025-10-29 16:40:55,352 INFO [3] turn -89 deg
2025-10-29 16:40:55,352 INFO Send command (no response expected): 'rc 0 0 0 0'
2025-10-29 16:40:55,553 INFO     turn chunk 1: CW 45 deg (rem 44)
2025-10-29 16:40:55,553 INFO Send command: 'cw 45'
2025-10-29 16:40:55,554 INFO Response cw 45: 'ok'
2025-10-29 16:40:55,754 INFO Send command: 'cw 44'
2025-10-29 16:40:55,755 INFO Response cw 44: 'ok'
2025-10-29 16:40:55,956 INFO [3] forward total 69 cm
2025-10-29 16:40:55,956 INFO Send command: 'forward 60'
2025-10-29 16:40:55,956 INFO Response forward 60: 'ok'
2025-10-29 16:40:56,157 WARNING Heading drift: actual -48.0°, expected -60.0° -> correcting -10.0°
2025-10-29 16:40:56,158 INFO Send command (no response expected): 'rc 0 0 0 0'
2025-10-29 16:40:56,359 INFO Send command: 'cw 10'
2025-10-29 16:40:56,359 INFO Response cw 10: 'ok'
2025-10-29 16:40:56,560 INFO Mission complete. Landing.
2025-10-29 16:40:56,560 INFO Send command: 'land'
2025-10-29 16:40:56,560 INFO Response land: 'ok'
2025-10-29 16:40:56,680 INFO Send command: 'streamoff'
2025-10-29 16:40:56,681 INFO Response streamoff: 'ok'
2025-10-29 16:40:56,681 INFO Done.
