2025-10-16 17:59:24,452 INFO Logging to logs/flight_20251016_175924.log
2025-10-16 17:59:24,453 INFO Altitude 90 cm, speed 30 cm/s, AI=ON policy=1
2025-10-16 17:59:24,454 INFO Tello instance was initialized. Host: '192.168.10.1'. Port: '8889'.
2025-10-16 17:59:24,455 INFO Connecting (attempt 1/4)...
2025-10-16 17:59:24,457 INFO Send command: 'command'
2025-10-16 17:59:24,558 INFO Response command: 'ok'
2025-10-16 17:59:24,559 INFO Battery 40%
2025-10-16 17:59:24,562 INFO Send command: 'streamon'
2025-10-16 17:59:24,664 INFO Response streamon: 'ok'
2025-10-16 17:59:24,666 INFO Send command: 'speed 30'
2025-10-16 17:59:24,767 INFO Response speed 30: 'ok'
2025-10-16 17:59:24,768 INFO Takeoff.
2025-10-16 17:59:24,769 INFO Send command: 'takeoff'
2025-10-16 17:59:29,802 INFO Response takeoff: 'ok'
2025-10-16 17:59:30,304 INFO Hovering for IMU stabilization (2.0s).
2025-10-16 17:59:32,306 INFO     climb chunk 1: 40 cm (rem 30)
2025-10-16 17:59:32,306 INFO Send command: 'up 40'
2025-10-16 17:59:34,418 INFO Response up 40: 'ok'
2025-10-16 17:59:34,619 INFO Send command: 'up 30'
2025-10-16 17:59:36,434 INFO Response up 30: 'ok'
2025-10-16 17:59:36,732 INFO Send command: 'land'
