2025-10-29 13:06:06,042 INFO Logging to logs/flight_20251029_130606.log
2025-10-29 13:06:06,043 INFO Altitude 90 cm, speed 30 cm/s, AI=OFF policy=-
2025-10-29 13:06:06,044 INFO Tello instance was initialized. Host: '192.168.10.1'. Port: '8889'.
2025-10-29 13:06:06,045 INFO Connecting (attempt 1/4)...
2025-10-29 13:06:06,047 INFO Send command: 'command'
2025-10-29 13:06:06,149 INFO Response command: 'ok'
2025-10-29 13:06:07,168 WARNING connect error: Did not receive a state packet from the Tello
2025-10-29 13:06:08,170 INFO Connecting (attempt 2/4)...
2025-10-29 13:06:08,171 INFO Send command: 'command'
2025-10-29 13:06:08,272 INFO Response command: 'ok'
2025-10-29 13:06:09,292 WARNING connect error: Did not receive a state packet from the Tello
2025-10-29 13:06:10,295 INFO Connecting (attempt 3/4)...
2025-10-29 13:06:10,295 INFO Send command: 'command'
2025-10-29 13:06:10,397 INFO Response command: 'ok'
2025-10-29 13:06:11,416 WARNING connect error: Did not receive a state packet from the Tello
2025-10-29 13:06:12,417 INFO Connecting (attempt 4/4)...
2025-10-29 13:06:12,418 INFO Send command: 'command'
2025-10-29 13:06:12,519 INFO Response command: 'ok'
2025-10-29 13:06:13,538 WARNING connect error: Did not receive a state packet from the Tello
2025-10-29 13:06:14,540 ERROR Unable to connect. Check TELLO Wi-Fi / power / close other Tello apps.
