2025-10-29 14:12:28,169 INFO Logging to logs/flight_20251029_141228.log
2025-10-29 14:12:28,169 INFO Altitude 90 cm, speed 30 cm/s, AI=OFF policy=-
2025-10-29 14:12:28,170 INFO Tello instance was initialized. Host: '192.168.10.1'. Port: '8889'.
2025-10-29 14:12:28,171 INFO Connecting (attempt 1/4)...
2025-10-29 14:12:28,172 INFO Send command: 'command'
2025-10-29 14:12:28,273 INFO Response command: 'ok'
2025-10-29 14:12:28,274 INFO Battery 29%
2025-10-29 14:12:28,276 INFO Send command: 'streamon'
2025-10-29 14:12:28,378 INFO Response streamon: 'ok'
2025-10-29 14:12:30,533 INFO Send command: 'speed 30'
2025-10-29 14:12:30,634 INFO Response speed 30: 'ok'
2025-10-29 14:12:30,635 INFO Takeoff.
2025-10-29 14:12:30,638 INFO Send command: 'takeoff'
2025-10-29 14:12:34,764 INFO Response takeoff: 'ok'
2025-10-29 14:12:35,265 INFO Hovering for IMU stabilization (2.0s).
2025-10-29 14:12:37,266 INFO     climb chunk 1: 40 cm (rem 30)
2025-10-29 14:12:37,267 INFO Send command: 'up 40'
2025-10-29 14:12:39,482 INFO Response up 40: 'ok'
2025-10-29 14:12:39,684 INFO Send command: 'up 30'
2025-10-29 14:12:41,898 INFO Response up 30: 'ok'
2025-10-29 14:12:42,100 INFO [0] turn +178 deg
2025-10-29 14:12:42,101 INFO Send command (no response expected): 'rc 0 0 0 0'
2025-10-29 14:12:42,303 INFO     turn chunk 1: CCW 45 deg (rem 133)
2025-10-29 14:12:42,303 INFO Send command: 'ccw 45'
2025-10-29 14:12:44,012 INFO Response ccw 45: 'ok'
2025-10-29 14:12:44,213 INFO     turn chunk 2: CCW 45 deg (rem 88)
2025-10-29 14:12:44,214 INFO Send command: 'ccw 45'
2025-10-29 14:12:45,622 INFO Response ccw 45: 'ok'
2025-10-29 14:12:45,823 INFO     turn chunk 3: CCW 45 deg (rem 43)
2025-10-29 14:12:45,824 INFO Send command: 'ccw 45'
2025-10-29 14:12:47,133 INFO Response ccw 45: 'ok'
2025-10-29 14:12:47,335 INFO Send command: 'ccw 43'
2025-10-29 14:12:48,644 INFO Response ccw 43: 'ok'
2025-10-29 14:12:48,846 INFO [0] forward total 99 cm
2025-10-29 14:12:48,846 INFO Send command: 'forward 60'
2025-10-29 14:12:51,560 INFO Response forward 60: 'ok'
2025-10-29 14:12:51,807 INFO Send command: 'forward 39'
2025-10-29 14:12:53,716 INFO Response forward 39: 'ok'
2025-10-29 14:12:53,921 INFO [1] turn -81 deg
2025-10-29 14:12:53,921 INFO Send command (no response expected): 'rc 0 0 0 0'
2025-10-29 14:12:54,122 INFO     turn chunk 1: CW 45 deg (rem 36)
2025-10-29 14:12:54,123 INFO Send command: 'cw 45'
2025-10-29 14:12:55,633 INFO Response cw 45: 'ok'
2025-10-29 14:12:55,835 INFO Send command: 'cw 36'
2025-10-29 14:12:57,043 INFO Response cw 36: 'ok'
2025-10-29 14:12:57,245 INFO [1] forward total 76 cm
2025-10-29 14:12:57,245 INFO Send command: 'forward 60'
2025-10-29 14:12:59,979 INFO Response forward 60: 'ok'
2025-10-29 14:13:00,188 INFO [2] turn -95 deg
2025-10-29 14:13:00,188 INFO Send command (no response expected): 'rc 0 0 0 0'
2025-10-29 14:13:00,390 INFO     turn chunk 1: CW 45 deg (rem 50)
2025-10-29 14:13:00,390 INFO Send command: 'cw 45'
2025-10-29 14:13:01,700 INFO Response cw 45: 'ok'
2025-10-29 14:13:01,902 INFO     turn chunk 2: CW 45 deg (rem 5)
2025-10-29 14:13:01,903 INFO Send command: 'cw 45'
2025-10-29 14:13:03,311 INFO Response cw 45: 'ok'
2025-10-29 14:13:03,512 INFO Send command: 'cw 5'
2025-10-29 14:13:04,015 INFO Response cw 5: 'ok'
2025-10-29 14:13:04,217 INFO [2] forward total 93 cm
2025-10-29 14:13:04,218 INFO Send command: 'forward 60'
2025-10-29 14:13:04,218 INFO Response forward 60: 'ok'
2025-10-29 14:13:04,436 INFO Send command: 'forward 33'
2025-10-29 14:13:04,437 INFO Response forward 33: 'ok'
2025-10-29 14:13:04,648 ERROR Low battery 20% - stop mission
2025-10-29 14:13:04,648 INFO Send command: 'land'
2025-10-29 14:13:04,648 INFO Response land: 'ok'
2025-10-29 14:13:04,687 INFO Send command: 'streamoff'
2025-10-29 14:13:04,688 INFO Response streamoff: 'ok'
2025-10-29 14:13:04,689 INFO Done.
