2025-10-28 18:26:23,533 INFO Logging to logs/flight_20251028_182623.log
2025-10-28 18:26:23,534 INFO Altitude 90 cm, speed 30 cm/s, AI=ON policy=2
2025-10-28 18:26:23,536 INFO Tello instance was initialized. Host: '192.168.10.1'. Port: '8889'.
2025-10-28 18:26:23,536 INFO Connecting (attempt 1/4)...
2025-10-28 18:26:23,539 INFO Send command: 'command'
2025-10-28 18:26:23,640 INFO Response command: 'ok'
2025-10-28 18:26:23,741 INFO Battery 100%
2025-10-28 18:26:23,742 INFO Send command: 'streamon'
2025-10-28 18:26:23,842 INFO Response streamon: 'ok'
2025-10-28 18:26:26,022 INFO Send command: 'speed 30'
2025-10-28 18:26:26,123 INFO Response speed 30: 'ok'
2025-10-28 18:26:26,124 INFO Takeoff.
2025-10-28 18:26:26,126 INFO Send command: 'takeoff'
2025-10-28 18:26:34,971 INFO Response takeoff: 'ok'
2025-10-28 18:26:35,472 INFO Hovering for IMU stabilization (2.0s).
2025-10-28 18:26:37,475 INFO     climb chunk 1: 40 cm (rem 30)
2025-10-28 18:26:37,476 INFO Send command: 'up 40'
2025-10-28 18:26:39,781 INFO Response up 40: 'ok'
2025-10-28 18:26:39,982 INFO Send command: 'up 30'
2025-10-28 18:26:42,394 INFO Response up 30: 'ok'
2025-10-28 18:26:42,994 INFO Send command: 'land'
2025-10-28 18:26:50,007 WARNING Aborting command 'land'. Did not receive a response after 7 seconds
2025-10-28 18:26:50,008 INFO Send command: 'land'
