2025-10-28 17:02:54,874 INFO Logging to logs/flight_20251028_170254.log
2025-10-28 17:02:54,875 INFO Altitude 90 cm, speed 30 cm/s, AI=OFF policy=-
2025-10-28 17:02:54,876 INFO Tello instance was initialized. Host: '192.168.10.1'. Port: '8889'.
2025-10-28 17:02:54,876 INFO Connecting (attempt 1/4)...
2025-10-28 17:02:54,878 INFO Send command: 'command'
2025-10-28 17:02:54,980 INFO Response command: 'ok'
2025-10-28 17:02:54,980 INFO Battery 38%
2025-10-28 17:02:54,982 INFO Send command: 'speed 30'
2025-10-28 17:02:55,083 INFO Response speed 30: 'ok'
2025-10-28 17:02:55,083 INFO Takeoff.
2025-10-28 17:02:55,087 INFO Send command: 'takeoff'
2025-10-28 17:03:00,618 INFO Response takeoff: 'ok'
2025-10-28 17:03:01,121 INFO Hovering for IMU stabilization (2.0s).
2025-10-28 17:03:03,122 INFO     climb chunk 1: 40 cm (rem 30)
2025-10-28 17:03:03,123 INFO Send command: 'up 40'
2025-10-28 17:03:05,540 INFO Response up 40: 'ok'
2025-10-28 17:03:05,741 INFO Send command: 'up 30'
2025-10-28 17:03:07,855 INFO Response up 30: 'ok'
2025-10-28 17:03:08,057 INFO [0] turn -147 deg
2025-10-28 17:03:08,057 INFO Send command (no response expected): 'rc 0 0 0 0'
2025-10-28 17:03:08,258 INFO     turn chunk 1: CW 45 deg (rem 102)
2025-10-28 17:03:08,259 INFO Send command: 'cw 45'
2025-10-28 17:03:09,669 INFO Response cw 45: 'ok'
2025-10-28 17:03:09,871 INFO     turn chunk 2: CW 45 deg (rem 57)
2025-10-28 17:03:09,871 INFO Send command: 'cw 45'
2025-10-28 17:03:11,382 INFO Response cw 45: 'ok'
2025-10-28 17:03:11,583 INFO     turn chunk 3: CW 45 deg (rem 12)
2025-10-28 17:03:11,584 INFO Send command: 'cw 45'
2025-10-28 17:03:12,993 INFO Response cw 45: 'ok'
2025-10-28 17:03:13,195 INFO     turn chunk 4: CW 12 deg (rem 0)
2025-10-28 17:03:13,196 INFO Send command: 'cw 12'
2025-10-28 17:03:14,002 INFO Response cw 12: 'ok'
2025-10-28 17:03:14,204 INFO [0] forward total 180 cm
2025-10-28 17:03:14,204 INFO Send command: 'forward 60'
2025-10-28 17:03:17,223 INFO Response forward 60: 'ok'
2025-10-28 17:03:17,424 INFO Send command: 'forward 60'
2025-10-28 17:03:20,443 INFO Response forward 60: 'ok'
2025-10-28 17:03:20,645 INFO Send command: 'forward 60'
2025-10-28 17:03:23,668 INFO Response forward 60: 'ok'
2025-10-28 17:03:23,869 INFO [1] turn -33 deg
2025-10-28 17:03:23,869 INFO Send command (no response expected): 'rc 0 0 0 0'
2025-10-28 17:03:24,070 INFO     turn chunk 1: CW 33 deg (rem 0)
2025-10-28 17:03:24,071 INFO Send command: 'cw 33'
2025-10-28 17:03:25,379 INFO Response cw 33: 'ok'
2025-10-28 17:03:25,581 INFO [1] forward total 60 cm
2025-10-28 17:03:25,581 INFO Send command: 'forward 60'
2025-10-28 17:03:27,697 ERROR KeyboardInterrupt - landing
2025-10-28 17:03:27,698 INFO Send command: 'land'
2025-10-28 17:03:27,900 INFO Response land: 'error Auto land'
2025-10-28 17:03:27,901 INFO Send command: 'land'
2025-10-28 17:03:34,039 INFO Response land: 'ok'
2025-10-28 17:03:34,040 INFO Done.
