2025-10-16 17:55:42,244 INFO Logging to logs/flight_20251016_175542.log
2025-10-16 17:55:42,245 INFO Altitude 90 cm, speed 30 cm/s, AI=OFF policy=-
2025-10-16 17:55:42,247 INFO Tello instance was initialized. Host: '192.168.10.1'. Port: '8889'.
2025-10-16 17:55:42,247 INFO Connecting (attempt 1/4)...
2025-10-16 17:55:42,249 INFO Send command: 'command'
2025-10-16 17:55:42,350 INFO Response command: 'ok'
2025-10-16 17:55:42,351 INFO Battery 68%
2025-10-16 17:55:42,353 INFO Send command: 'speed 30'
2025-10-16 17:55:42,453 INFO Response speed 30: 'ok'
2025-10-16 17:55:42,454 INFO Takeoff.
2025-10-16 17:55:42,458 INFO Send command: 'takeoff'
2025-10-16 17:55:47,291 INFO Response takeoff: 'ok'
2025-10-16 17:55:47,792 INFO Hovering for IMU stabilization (2.0s).
2025-10-16 17:55:49,794 INFO     climb chunk 1: 40 cm (rem 30)
2025-10-16 17:55:49,794 INFO Send command: 'up 40'
2025-10-16 17:55:52,111 INFO Response up 40: 'ok'
2025-10-16 17:55:52,312 INFO Send command: 'up 30'
2025-10-16 17:55:54,429 INFO Response up 30: 'ok'
2025-10-16 17:55:54,630 INFO [0] turn -1 deg
2025-10-16 17:55:54,631 WARNING turn -1 deg below MIN_TURN_DEG (2); skipping.
2025-10-16 17:55:54,632 INFO [0] forward total 153 cm
2025-10-16 17:55:54,632 INFO Send command: 'forward 60'
2025-10-16 17:55:57,650 INFO Response forward 60: 'ok'
2025-10-16 17:55:57,853 INFO Send command: 'forward 60'
2025-10-16 17:56:00,775 INFO Response forward 60: 'ok'
2025-10-16 17:56:00,977 INFO Send command: 'forward 33'
2025-10-16 17:56:02,689 INFO Response forward 33: 'ok'
2025-10-16 17:56:02,891 INFO [1] turn +91 deg
2025-10-16 17:56:02,892 INFO Send command (no response expected): 'rc 0 0 0 0'
2025-10-16 17:56:03,093 INFO     turn chunk 1: CCW 45 deg (rem 46)
2025-10-16 17:56:03,094 INFO Send command: 'ccw 45'
2025-10-16 17:56:04,503 INFO Response ccw 45: 'ok'
2025-10-16 17:56:04,704 INFO     turn chunk 2: CCW 45 deg (rem 1)
2025-10-16 17:56:04,705 INFO Send command: 'ccw 45'
2025-10-16 17:56:06,215 INFO Response ccw 45: 'ok'
2025-10-16 17:56:06,416 INFO     turn chunk 3: CCW 1 deg (rem 0)
2025-10-16 17:56:06,417 INFO Send command: 'ccw 1'
2025-10-16 17:56:06,518 INFO Response ccw 1: 'ok'
2025-10-16 17:56:06,719 INFO [1] forward total 141 cm
2025-10-16 17:56:06,720 INFO Send command: 'forward 60'
2025-10-16 17:56:09,641 INFO Response forward 60: 'ok'
2025-10-16 17:56:09,843 INFO Send command: 'forward 60'
2025-10-16 17:56:12,562 INFO Response forward 60: 'ok'
2025-10-16 17:56:12,762 INFO Send command: 'forward 21'
2025-10-16 17:56:14,373 INFO Response forward 21: 'ok'
2025-10-16 17:56:14,575 INFO [2] turn +90 deg
2025-10-16 17:56:14,576 INFO Send command (no response expected): 'rc 0 0 0 0'
2025-10-16 17:56:14,778 INFO     turn chunk 1: CCW 45 deg (rem 45)
2025-10-16 17:56:14,778 INFO Send command: 'ccw 45'
2025-10-16 17:56:16,086 INFO Response ccw 45: 'ok'
2025-10-16 17:56:16,288 INFO     turn chunk 2: CCW 45 deg (rem 0)
2025-10-16 17:56:16,289 INFO Send command: 'ccw 45'
2025-10-16 17:56:17,696 INFO Response ccw 45: 'ok'
2025-10-16 17:56:17,898 INFO [2] forward total 150 cm
2025-10-16 17:56:17,898 INFO Send command: 'forward 60'
2025-10-16 17:56:21,123 INFO Response forward 60: 'ok'
2025-10-16 17:56:21,324 INFO Send command: 'forward 60'
2025-10-16 17:56:24,144 INFO Response forward 60: 'ok'
2025-10-16 17:56:24,346 INFO Send command: 'forward 30'
2025-10-16 17:56:26,059 INFO Response forward 30: 'ok'
2025-10-16 17:56:26,261 INFO [3] turn +91 deg
2025-10-16 17:56:26,262 INFO Send command (no response expected): 'rc 0 0 0 0'
2025-10-16 17:56:26,463 INFO     turn chunk 1: CCW 45 deg (rem 46)
2025-10-16 17:56:26,463 INFO Send command: 'ccw 45'
2025-10-16 17:56:27,872 INFO Response ccw 45: 'ok'
2025-10-16 17:56:28,074 INFO     turn chunk 2: CCW 45 deg (rem 1)
2025-10-16 17:56:28,074 INFO Send command: 'ccw 45'
2025-10-16 17:56:29,484 INFO Response ccw 45: 'ok'
2025-10-16 17:56:29,686 INFO     turn chunk 3: CCW 1 deg (rem 0)
2025-10-16 17:56:29,686 INFO Send command: 'ccw 1'
2025-10-16 17:56:29,788 INFO Response ccw 1: 'ok'
2025-10-16 17:56:29,989 INFO [3] forward total 144 cm
2025-10-16 17:56:29,989 INFO Send command: 'forward 60'
2025-10-16 17:56:33,013 INFO Response forward 60: 'ok'
2025-10-16 17:56:33,215 INFO Send command: 'forward 60'
2025-10-16 17:56:36,039 INFO Response forward 60: 'ok'
2025-10-16 17:56:36,240 INFO Send command: 'forward 24'
2025-10-16 17:56:38,054 INFO Response forward 24: 'ok'
2025-10-16 17:56:38,256 INFO Mission complete. Landing.
2025-10-16 17:56:38,257 INFO Send command: 'land'
2025-10-16 17:56:43,085 INFO Response land: 'ok'
2025-10-16 17:56:43,086 INFO Done.
