2025-10-29 13:07:54,715 INFO Logging to logs/flight_20251029_130754.log
2025-10-29 13:07:54,715 INFO Altitude 90 cm, speed 30 cm/s, AI=OFF policy=-
2025-10-29 13:07:54,717 INFO Tello instance was initialized. Host: '192.168.10.1'. Port: '8889'.
2025-10-29 13:07:54,717 INFO Connecting (attempt 1/4)...
2025-10-29 13:07:54,719 INFO Send command: 'command'
2025-10-29 13:07:54,821 INFO Response command: 'ok'
2025-10-29 13:07:55,835 WARNING connect error: Did not receive a state packet from the Tello
2025-10-29 13:07:56,838 INFO Connecting (attempt 2/4)...
2025-10-29 13:07:56,838 INFO Send command: 'command'
2025-10-29 13:07:56,940 INFO Response command: 'ok'
2025-10-29 13:07:57,960 WARNING connect error: Did not receive a state packet from the Tello
2025-10-29 13:07:58,961 INFO Connecting (attempt 3/4)...
2025-10-29 13:07:58,961 INFO Send command: 'command'
2025-10-29 13:07:59,062 INFO Response command: 'ok'
2025-10-29 13:08:00,073 WARNING connect error: Did not receive a state packet from the Tello
2025-10-29 13:08:01,075 INFO Connecting (attempt 4/4)...
2025-10-29 13:08:01,076 INFO Send command: 'command'
2025-10-29 13:08:01,177 INFO Response command: 'ok'
2025-10-29 13:08:02,191 WARNING connect error: Did not receive a state packet from the Tello
2025-10-29 13:08:03,193 ERROR Unable to connect. Check TELLO Wi-Fi / power / close other Tello apps.
