2025-10-29 13:30:01,937 INFO Logging to logs/flight_20251029_133001.log
2025-10-29 13:30:01,938 INFO Altitude 90 cm, speed 30 cm/s, AI=ON policy=2
2025-10-29 13:30:01,940 INFO Tello instance was initialized. Host: '192.168.10.1'. Port: '8889'.
2025-10-29 13:30:01,940 INFO Connecting (attempt 1/4)...
2025-10-29 13:30:01,942 INFO Send command: 'command'
2025-10-29 13:30:02,043 INFO Response command: 'ok'
2025-10-29 13:30:02,043 INFO Battery 73%
2025-10-29 13:30:02,045 INFO Send command: 'streamon'
2025-10-29 13:30:02,147 INFO Response streamon: 'ok'
2025-10-29 13:30:07,160 WARNING streamon error - disabling AI/show-video: Failed to grab video frames from video stream
2025-10-29 13:30:07,161 INFO Send command: 'speed 30'
2025-10-29 13:30:07,262 INFO Response speed 30: 'ok'
2025-10-29 13:30:07,263 INFO Takeoff.
2025-10-29 13:30:07,264 INFO Send command: 'takeoff'
2025-10-29 13:30:16,107 INFO Response takeoff: 'ok'
2025-10-29 13:30:16,609 INFO Hovering for IMU stabilization (2.0s).
2025-10-29 13:30:18,611 INFO     climb chunk 1: 40 cm (rem 30)
2025-10-29 13:30:18,611 INFO Send command: 'up 40'
2025-10-29 13:30:21,130 INFO Response up 40: 'ok'
2025-10-29 13:30:21,332 INFO Send command: 'up 30'
2025-10-29 13:30:23,845 INFO Response up 30: 'ok'
2025-10-29 13:30:24,047 INFO [0] turn +178 deg
2025-10-29 13:30:24,047 INFO Send command (no response expected): 'rc 0 0 0 0'
2025-10-29 13:30:24,249 INFO     turn chunk 1: CCW 45 deg (rem 133)
2025-10-29 13:30:24,250 INFO Send command: 'ccw 45'
2025-10-29 13:30:25,758 INFO Response ccw 45: 'ok'
2025-10-29 13:30:25,960 INFO     turn chunk 2: CCW 45 deg (rem 88)
2025-10-29 13:30:25,960 INFO Send command: 'ccw 45'
2025-10-29 13:30:27,473 INFO Response ccw 45: 'ok'
2025-10-29 13:30:27,675 INFO     turn chunk 3: CCW 45 deg (rem 43)
2025-10-29 13:30:27,675 INFO Send command: 'ccw 45'
2025-10-29 13:30:27,676 INFO Response ccw 45: 'ok'
2025-10-29 13:30:27,877 INFO Send command: 'ccw 43'
2025-10-29 13:30:27,878 INFO Response ccw 43: 'ok'
2025-10-29 13:30:28,079 INFO [0] forward total 99 cm
2025-10-29 13:30:28,080 INFO Send command: 'forward 60'
2025-10-29 13:30:28,080 INFO Response forward 60: 'ok'
2025-10-29 13:30:28,282 WARNING Heading drift: actual 93.0°, expected 105.0° -> correcting 10.0°
2025-10-29 13:30:28,282 INFO Send command (no response expected): 'rc 0 0 0 0'
2025-10-29 13:30:28,483 INFO Send command: 'ccw 10'
2025-10-29 13:30:29,290 INFO Response ccw 10: 'ok'
2025-10-29 13:30:29,491 INFO Send command: 'forward 39'
2025-10-29 13:30:31,608 INFO Response forward 39: 'ok'
2025-10-29 13:30:31,810 INFO [1] turn -81 deg
2025-10-29 13:30:31,811 INFO Send command (no response expected): 'rc 0 0 0 0'
2025-10-29 13:30:32,011 INFO     turn chunk 1: CW 45 deg (rem 36)
2025-10-29 13:30:32,012 INFO Send command: 'cw 45'
2025-10-29 13:30:33,523 INFO Response cw 45: 'ok'
2025-10-29 13:30:33,725 INFO Send command: 'cw 36'
2025-10-29 13:30:35,135 INFO Response cw 36: 'ok'
2025-10-29 13:30:35,337 INFO [1] forward total 76 cm
2025-10-29 13:30:35,337 INFO Send command: 'forward 60'
2025-10-29 13:30:38,156 INFO Response forward 60: 'ok'
2025-10-29 13:30:38,358 INFO [2] turn -95 deg
2025-10-29 13:30:38,359 INFO Send command (no response expected): 'rc 0 0 0 0'
2025-10-29 13:30:38,560 INFO     turn chunk 1: CW 45 deg (rem 50)
2025-10-29 13:30:38,560 INFO Send command: 'cw 45'
2025-10-29 13:30:40,172 INFO Response cw 45: 'ok'
2025-10-29 13:30:40,374 INFO     turn chunk 2: CW 45 deg (rem 5)
2025-10-29 13:30:40,375 INFO Send command: 'cw 45'
2025-10-29 13:30:41,884 INFO Response cw 45: 'ok'
2025-10-29 13:30:42,086 INFO Send command: 'cw 5'
2025-10-29 13:30:42,590 INFO Response cw 5: 'ok'
2025-10-29 13:30:42,792 INFO [2] forward total 93 cm
2025-10-29 13:30:42,792 INFO Send command: 'forward 60'
2025-10-29 13:30:45,711 INFO Response forward 60: 'ok'
2025-10-29 13:30:45,913 INFO Send command: 'forward 33'
2025-10-29 13:30:47,622 INFO Response forward 33: 'ok'
2025-10-29 13:30:47,823 INFO [3] turn -89 deg
2025-10-29 13:30:47,823 INFO Send command (no response expected): 'rc 0 0 0 0'
2025-10-29 13:30:48,025 INFO     turn chunk 1: CW 45 deg (rem 44)
2025-10-29 13:30:48,026 INFO Send command: 'cw 45'
2025-10-29 13:30:49,435 INFO Response cw 45: 'ok'
2025-10-29 13:30:49,637 INFO Send command: 'cw 44'
2025-10-29 13:30:50,947 INFO Response cw 44: 'ok'
2025-10-29 13:30:51,148 INFO [3] forward total 69 cm
2025-10-29 13:30:51,149 INFO Send command: 'forward 60'
2025-10-29 13:30:54,070 INFO Response forward 60: 'ok'
2025-10-29 13:30:54,271 INFO Mission complete. Landing.
2025-10-29 13:30:54,272 INFO Send command: 'land'
2025-10-29 13:30:58,702 INFO Response land: 'ok'
2025-10-29 13:30:58,704 INFO Send command: 'streamoff'
2025-10-29 13:30:58,805 INFO Response streamoff: 'ok'
2025-10-29 13:30:58,806 INFO Done.
