2025-10-28 16:58:44,252 INFO Logging to logs/flight_20251028_165844.log
2025-10-28 16:58:44,253 INFO Altitude 60 cm, speed 30 cm/s, AI=OFF policy=-
2025-10-28 16:58:44,254 INFO Tello instance was initialized. Host: '192.168.10.1'. Port: '8889'.
2025-10-28 16:58:44,255 INFO Connecting (attempt 1/4)...
2025-10-28 16:58:44,257 INFO Send command: 'command'
2025-10-28 16:58:51,297 WARNING Aborting command 'command'. Did not receive a response after 7 seconds
2025-10-28 16:58:51,297 INFO Send command: 'command'
2025-10-28 16:58:51,398 INFO Response command: 'ok'
2025-10-28 16:58:51,399 INFO Battery 59%
2025-10-28 16:58:51,402 INFO Send command: 'speed 30'
2025-10-28 16:58:51,503 INFO Response speed 30: 'ok'
2025-10-28 16:58:51,503 INFO Takeoff.
2025-10-28 16:58:51,505 INFO Send command: 'takeoff'
2025-10-28 16:58:58,752 INFO Response takeoff: 'ok'
2025-10-28 16:58:59,254 INFO Hovering for IMU stabilization (2.0s).
2025-10-28 16:59:01,255 INFO Send command: 'up 40'
2025-10-28 16:59:03,976 INFO Response up 40: 'ok'
2025-10-28 16:59:04,177 INFO [0] turn -87 deg
2025-10-28 16:59:04,178 INFO Send command (no response expected): 'rc 0 0 0 0'
2025-10-28 16:59:04,379 INFO     turn chunk 1: CW 45 deg (rem 42)
2025-10-28 16:59:04,380 INFO Send command: 'cw 45'
2025-10-28 16:59:05,790 INFO Response cw 45: 'ok'
2025-10-28 16:59:05,992 INFO     turn chunk 2: CW 42 deg (rem 0)
2025-10-28 16:59:05,992 INFO Send command: 'cw 42'
2025-10-28 16:59:07,402 INFO Response cw 42: 'ok'
2025-10-28 16:59:07,604 INFO [0] forward total 60 cm
2025-10-28 16:59:07,604 INFO Send command: 'forward 60'
2025-10-28 16:59:10,723 INFO Response forward 60: 'ok'
2025-10-28 16:59:10,924 INFO [1] turn -90 deg
2025-10-28 16:59:10,925 INFO Send command (no response expected): 'rc 0 0 0 0'
2025-10-28 16:59:11,126 INFO     turn chunk 1: CW 45 deg (rem 45)
2025-10-28 16:59:11,126 INFO Send command: 'cw 45'
2025-10-28 16:59:12,639 INFO Response cw 45: 'ok'
2025-10-28 16:59:12,840 INFO     turn chunk 2: CW 45 deg (rem 0)
2025-10-28 16:59:12,841 INFO Send command: 'cw 45'
2025-10-28 16:59:14,252 INFO Response cw 45: 'ok'
2025-10-28 16:59:14,454 INFO [1] forward total 60 cm
2025-10-28 16:59:14,455 INFO Send command: 'forward 60'
2025-10-28 16:59:17,375 INFO Response forward 60: 'ok'
2025-10-28 16:59:17,577 INFO [2] turn -45 deg
2025-10-28 16:59:17,577 INFO Send command (no response expected): 'rc 0 0 0 0'
2025-10-28 16:59:17,779 INFO     turn chunk 1: CW 45 deg (rem 0)
2025-10-28 16:59:17,779 INFO Send command: 'cw 45'
2025-10-28 16:59:17,780 INFO Response cw 45: 'ok'
2025-10-28 16:59:17,981 INFO [2] forward total 85 cm
2025-10-28 16:59:17,981 INFO Send command: 'forward 60'
2025-10-28 16:59:19,191 INFO Response forward 60: 'ok'
2025-10-28 16:59:19,393 WARNING Heading drift detected: actual -3.0°, expected -44.0° -> correcting -10.0°
2025-10-28 16:59:19,393 INFO Send command (no response expected): 'rc 0 0 0 0'
2025-10-28 16:59:19,595 INFO     turn chunk 1: CW 10 deg (rem 0)
2025-10-28 16:59:19,596 INFO Send command: 'cw 10'
2025-10-28 16:59:20,402 INFO Response cw 10: 'ok'
2025-10-28 16:59:20,603 INFO Send command: 'forward 25'
2025-10-28 16:59:23,020 INFO Response forward 25: 'ok'
2025-10-28 16:59:23,222 INFO Mission complete. Landing.
2025-10-28 16:59:23,223 INFO Send command: 'land'
2025-10-28 16:59:26,747 INFO Response land: 'ok'
2025-10-28 16:59:26,748 INFO Done.
