2025-10-29 18:02:10,472 INFO Logging to logs\flight_20251029_180210.log
2025-10-29 18:02:10,473 INFO Altitude 90 cm, speed 30 cm/s
2025-10-29 18:02:10,474 INFO Tello instance was initialized. Host: '192.168.10.1'. Port: '8889'.
2025-10-29 18:02:10,475 INFO Connecting (attempt 1/4)...
2025-10-29 18:02:10,476 INFO Send command: 'command'
2025-10-29 18:02:10,577 INFO Response command: 'ok'
2025-10-29 18:02:10,629 INFO Battery 83%
2025-10-29 18:02:10,681 INFO Send command: 'streamon'
2025-10-29 18:02:10,782 INFO Response streamon: 'ok'
2025-10-29 18:02:13,016 INFO Send command: 'speed 30'
2025-10-29 18:02:13,118 INFO Response speed 30: 'ok'
2025-10-29 18:02:13,119 INFO Takeoff.
2025-10-29 18:02:13,120 INFO Send command: 'takeoff'
2025-10-29 18:02:18,541 INFO Response takeoff: 'ok'
2025-10-29 18:02:19,042 INFO Hovering for IMU stabilization (2.0s).
2025-10-29 18:02:21,042 INFO     climb chunk 1: 40 cm (rem 30)
2025-10-29 18:02:21,043 INFO Send command: 'up 40'
2025-10-29 18:02:24,208 INFO Response up 40: 'ok'
2025-10-29 18:02:24,408 INFO Send command: 'up 30'
2025-10-29 18:02:26,316 INFO Response up 30: 'ok'
2025-10-29 18:02:26,516 INFO [0] turn +89 deg
2025-10-29 18:02:26,517 INFO Send command (no response expected): 'rc 0 0 0 0'
2025-10-29 18:02:26,718 INFO     turn chunk 1: CCW 45 deg (rem 44)
2025-10-29 18:02:26,718 INFO Send command: 'ccw 45'
2025-10-29 18:02:28,124 INFO Response ccw 45: 'ok'
2025-10-29 18:02:28,325 INFO Send command: 'ccw 44'
2025-10-29 18:02:29,729 INFO Response ccw 44: 'ok'
2025-10-29 18:02:29,930 INFO [0] forward total 156 cm
2025-10-29 18:02:29,930 INFO Send command: 'forward 60'
2025-10-29 18:02:32,840 INFO Response forward 60: 'ok'
2025-10-29 18:02:33,041 INFO Send command: 'forward 60'
2025-10-29 18:02:35,550 INFO Response forward 60: 'ok'
2025-10-29 18:02:35,750 INFO Send command: 'forward 36'
2025-10-29 18:02:37,357 INFO Response forward 36: 'ok'
2025-10-29 18:02:37,558 INFO [1] turn +176 deg
2025-10-29 18:02:37,558 INFO Send command (no response expected): 'rc 0 0 0 0'
2025-10-29 18:02:37,759 INFO     turn chunk 1: CCW 45 deg (rem 131)
2025-10-29 18:02:37,759 INFO Send command: 'ccw 45'
2025-10-29 18:02:39,266 INFO Response ccw 45: 'ok'
2025-10-29 18:02:39,467 INFO     turn chunk 2: CCW 45 deg (rem 86)
2025-10-29 18:02:39,467 INFO Send command: 'ccw 45'
2025-10-29 18:02:40,773 INFO Response ccw 45: 'ok'
2025-10-29 18:02:40,974 INFO     turn chunk 3: CCW 45 deg (rem 41)
2025-10-29 18:02:40,974 INFO Send command: 'ccw 45'
2025-10-29 18:02:42,480 INFO Response ccw 45: 'ok'
2025-10-29 18:02:42,680 INFO Send command: 'ccw 41'
2025-10-29 18:02:44,085 INFO Response ccw 41: 'ok'
2025-10-29 18:02:44,286 INFO [1] forward total 36 cm
2025-10-29 18:02:44,286 INFO Send command: 'forward 36'
2025-10-29 18:02:46,092 INFO Response forward 36: 'ok'
2025-10-29 18:02:46,293 INFO [2] turn +3 deg
2025-10-29 18:02:46,293 INFO Send command (no response expected): 'rc 0 0 0 0'
2025-10-29 18:02:46,494 INFO Send command: 'ccw 3'
2025-10-29 18:02:46,795 INFO Response ccw 3: 'ok'
2025-10-29 18:02:46,996 INFO [2] forward total 192 cm
2025-10-29 18:02:46,997 INFO Send command: 'forward 60'
2025-10-29 18:02:49,807 INFO Response forward 60: 'ok'
2025-10-29 18:02:50,008 INFO Send command: 'forward 60'
2025-10-29 18:02:53,118 INFO Response forward 60: 'ok'
2025-10-29 18:02:53,319 INFO Send command: 'forward 60'
2025-10-29 18:02:56,130 INFO Response forward 60: 'ok'
2025-10-29 18:02:56,330 INFO Mission complete. Landing.
2025-10-29 18:02:56,331 INFO Send command: 'land'
2025-10-29 18:03:01,349 INFO Response land: 'ok'
2025-10-29 18:03:01,467 INFO Send command: 'streamoff'
2025-10-29 18:03:01,567 INFO Response streamoff: 'ok'
2025-10-29 18:03:01,568 INFO Done.
