2025-10-28 22:45:34,651 INFO Logging to logs/flight_20251028_224534.log
2025-10-28 22:45:34,652 INFO Altitude 90 cm, speed 30 cm/s, AI=OFF policy=-
2025-10-28 22:45:34,653 INFO Tello instance was initialized. Host: '192.168.10.1'. Port: '8889'.
2025-10-28 22:45:34,653 INFO Connecting (attempt 1/4)...
2025-10-28 22:45:34,655 INFO Send command: 'command'
2025-10-28 22:45:41,676 WARNING Aborting command 'command'. Did not receive a response after 7 seconds
2025-10-28 22:45:41,677 INFO Send command: 'command'
2025-10-28 22:45:48,699 WARNING Aborting command 'command'. Did not receive a response after 7 seconds
2025-10-28 22:45:48,699 INFO Send command: 'command'
2025-10-28 22:45:55,721 WARNING Aborting command 'command'. Did not receive a response after 7 seconds
2025-10-28 22:45:55,722 INFO Send command: 'command'
2025-10-28 22:46:02,744 WARNING Aborting command 'command'. Did not receive a response after 7 seconds
2025-10-28 22:46:02,744 WARNING connect error: Command 'command' was unsuccessful for 5 tries. Latest response:	'Aborting command 'command'. Did not receive a response after 7 seconds'
2025-10-28 22:46:03,745 INFO Connecting (attempt 2/4)...
2025-10-28 22:46:03,745 INFO Send command: 'command'
2025-10-28 22:46:10,767 WARNING Aborting command 'command'. Did not receive a response after 7 seconds
2025-10-28 22:46:10,767 INFO Send command: 'command'
2025-10-28 22:46:17,790 WARNING Aborting command 'command'. Did not receive a response after 7 seconds
2025-10-28 22:46:17,790 INFO Send command: 'command'
2025-10-28 22:46:24,812 WARNING Aborting command 'command'. Did not receive a response after 7 seconds
2025-10-28 22:46:24,812 INFO Send command: 'command'
2025-10-28 22:46:31,835 WARNING Aborting command 'command'. Did not receive a response after 7 seconds
2025-10-28 22:46:31,835 WARNING connect error: Command 'command' was unsuccessful for 5 tries. Latest response:	'Aborting command 'command'. Did not receive a response after 7 seconds'
2025-10-28 22:46:32,836 INFO Connecting (attempt 3/4)...
2025-10-28 22:46:32,836 INFO Send command: 'command'
2025-10-28 22:46:39,860 WARNING Aborting command 'command'. Did not receive a response after 7 seconds
2025-10-28 22:46:39,860 INFO Send command: 'command'
2025-10-28 22:46:46,886 WARNING Aborting command 'command'. Did not receive a response after 7 seconds
2025-10-28 22:46:46,886 INFO Send command: 'command'
2025-10-28 22:46:53,910 WARNING Aborting command 'command'. Did not receive a response after 7 seconds
2025-10-28 22:46:53,911 INFO Send command: 'command'
2025-10-28 22:47:00,932 WARNING Aborting command 'command'. Did not receive a response after 7 seconds
2025-10-28 22:47:00,933 WARNING connect error: Command 'command' was unsuccessful for 5 tries. Latest response:	'Aborting command 'command'. Did not receive a response after 7 seconds'
2025-10-28 22:47:01,933 INFO Connecting (attempt 4/4)...
2025-10-28 22:47:01,934 INFO Send command: 'command'
2025-10-28 22:47:08,958 WARNING Aborting command 'command'. Did not receive a response after 7 seconds
2025-10-28 22:47:08,959 INFO Send command: 'command'
2025-10-28 22:47:15,980 WARNING Aborting command 'command'. Did not receive a response after 7 seconds
2025-10-28 22:47:15,980 INFO Send command: 'command'
2025-10-28 22:47:23,005 WARNING Aborting command 'command'. Did not receive a response after 7 seconds
2025-10-28 22:47:23,005 INFO Send command: 'command'
2025-10-28 22:47:30,029 WARNING Aborting command 'command'. Did not receive a response after 7 seconds
2025-10-28 22:47:30,029 WARNING connect error: Command 'command' was unsuccessful for 5 tries. Latest response:	'Aborting command 'command'. Did not receive a response after 7 seconds'
2025-10-28 22:47:31,030 ERROR Unable to connect. Check TELLO Wi-Fi / power / close other Tello apps.
