2025-10-28 17:04:47,696 INFO Logging to logs/flight_20251028_170447.log
2025-10-28 17:04:47,697 INFO Altitude 90 cm, speed 30 cm/s, AI=OFF policy=-
2025-10-28 17:04:47,698 INFO Tello instance was initialized. Host: '192.168.10.1'. Port: '8889'.
2025-10-28 17:04:47,698 INFO Connecting (attempt 1/4)...
2025-10-28 17:04:47,700 INFO Send command: 'command'
2025-10-28 17:04:47,801 INFO Response command: 'ok'
2025-10-28 17:04:47,802 INFO Battery 24%
2025-10-28 17:04:47,803 INFO Send command: 'speed 30'
2025-10-28 17:04:47,904 INFO Response speed 30: 'ok'
2025-10-28 17:04:47,905 INFO Takeoff.
2025-10-28 17:04:47,907 INFO Send command: 'takeoff'
2025-10-28 17:04:56,767 INFO Response takeoff: 'ok'
2025-10-28 17:04:57,268 INFO Hovering for IMU stabilization (2.0s).
2025-10-28 17:04:59,270 INFO     climb chunk 1: 40 cm (rem 30)
2025-10-28 17:04:59,270 INFO Send command: 'up 40'
2025-10-28 17:05:02,292 INFO Response up 40: 'ok'
2025-10-28 17:05:02,494 INFO Send command: 'up 30'
2025-10-28 17:05:05,111 INFO Response up 30: 'ok'
2025-10-28 17:05:05,313 INFO [0] turn +178 deg
2025-10-28 17:05:05,314 INFO Send command (no response expected): 'rc 0 0 0 0'
2025-10-28 17:05:05,515 INFO     turn chunk 1: CCW 45 deg (rem 133)
2025-10-28 17:05:05,515 INFO Send command: 'ccw 45'
2025-10-28 17:05:07,026 INFO Response ccw 45: 'ok'
2025-10-28 17:05:07,228 INFO     turn chunk 2: CCW 45 deg (rem 88)
2025-10-28 17:05:07,228 INFO Send command: 'ccw 45'
2025-10-28 17:05:08,638 INFO Response ccw 45: 'ok'
2025-10-28 17:05:08,840 INFO     turn chunk 3: CCW 45 deg (rem 43)
2025-10-28 17:05:08,840 INFO Send command: 'ccw 45'
2025-10-28 17:05:10,349 INFO Response ccw 45: 'ok'
2025-10-28 17:05:10,551 INFO     turn chunk 4: CCW 43 deg (rem 0)
2025-10-28 17:05:10,551 INFO Send command: 'ccw 43'
2025-10-28 17:05:11,961 INFO Response ccw 43: 'ok'
2025-10-28 17:05:12,164 INFO [0] forward total 99 cm
2025-10-28 17:05:12,164 INFO Send command: 'forward 60'
2025-10-28 17:05:15,485 INFO Response forward 60: 'ok'
2025-10-28 17:05:15,686 INFO Send command: 'forward 39'
2025-10-28 17:05:17,601 INFO Response forward 39: 'ok'
2025-10-28 17:05:17,802 ERROR Low battery 17% - stop mission
2025-10-28 17:05:17,802 INFO Send command: 'land'
2025-10-28 17:05:22,028 INFO Response land: 'ok'
2025-10-28 17:05:22,029 INFO Done.
