2025-10-29 17:49:36,783 INFO Logging to logs\flight_20251029_174936.log
2025-10-29 17:49:36,784 INFO Altitude 90 cm, speed 30 cm/s
2025-10-29 17:49:36,785 INFO Tello instance was initialized. Host: '192.168.10.1'. Port: '8889'.
2025-10-29 17:49:36,785 INFO Connecting (attempt 1/4)...
2025-10-29 17:49:36,787 INFO Send command: 'command'
2025-10-29 17:49:36,888 INFO Response command: 'ok'
2025-10-29 17:49:36,889 INFO Battery 90%
2025-10-29 17:49:36,891 INFO Send command: 'streamon'
2025-10-29 17:49:36,993 INFO Response streamon: 'ok'
2025-10-29 17:49:39,240 INFO Send command: 'speed 30'
2025-10-29 17:49:39,342 INFO Response speed 30: 'ok'
2025-10-29 17:49:39,343 INFO Takeoff.
2025-10-29 17:49:39,344 INFO Send command: 'takeoff'
2025-10-29 17:49:45,965 INFO Response takeoff: 'ok'
2025-10-29 17:49:46,465 INFO Hovering for IMU stabilization (2.0s).
2025-10-29 17:49:48,466 INFO     climb chunk 1: 40 cm (rem 30)
2025-10-29 17:49:48,467 INFO Send command: 'up 40'
2025-10-29 17:49:50,975 INFO Response up 40: 'ok'
2025-10-29 17:49:51,176 INFO Send command: 'up 30'
2025-10-29 17:49:53,183 INFO Response up 30: 'ok'
2025-10-29 17:49:53,383 INFO [0] turn +89 deg
2025-10-29 17:49:53,384 INFO Send command (no response expected): 'rc 0 0 0 0'
2025-10-29 17:49:53,584 INFO     turn chunk 1: CCW 45 deg (rem 44)
2025-10-29 17:49:53,585 INFO Send command: 'ccw 45'
2025-10-29 17:49:55,192 INFO Response ccw 45: 'ok'
2025-10-29 17:49:55,392 INFO Send command: 'ccw 44'
2025-10-29 17:49:56,897 INFO Response ccw 44: 'ok'
2025-10-29 17:49:57,097 INFO [0] forward total 156 cm
2025-10-29 17:49:57,098 INFO Send command: 'forward 60'
2025-10-29 17:50:00,005 INFO Response forward 60: 'ok'
2025-10-29 17:50:00,206 INFO Send command: 'forward 60'
2025-10-29 17:50:03,516 INFO Response forward 60: 'ok'
2025-10-29 17:50:03,717 INFO Send command: 'forward 36'
2025-10-29 17:50:05,925 INFO Response forward 36: 'ok'
2025-10-29 17:50:06,126 INFO [1] turn +176 deg
2025-10-29 17:50:06,126 INFO Send command (no response expected): 'rc 0 0 0 0'
2025-10-29 17:50:06,327 INFO     turn chunk 1: CCW 45 deg (rem 131)
2025-10-29 17:50:06,327 INFO Send command: 'ccw 45'
2025-10-29 17:50:07,731 INFO Response ccw 45: 'ok'
2025-10-29 17:50:07,932 INFO     turn chunk 2: CCW 45 deg (rem 86)
2025-10-29 17:50:07,932 INFO Send command: 'ccw 45'
2025-10-29 17:50:09,338 INFO Response ccw 45: 'ok'
2025-10-29 17:50:09,539 INFO     turn chunk 3: CCW 45 deg (rem 41)
2025-10-29 17:50:09,539 INFO Send command: 'ccw 45'
2025-10-29 17:50:10,944 INFO Response ccw 45: 'ok'
2025-10-29 17:50:11,145 INFO Send command: 'ccw 41'
2025-10-29 17:50:12,549 INFO Response ccw 41: 'ok'
2025-10-29 17:50:12,750 INFO [1] forward total 36 cm
2025-10-29 17:50:12,750 INFO Send command: 'forward 36'
2025-10-29 17:50:14,758 INFO Response forward 36: 'ok'
2025-10-29 17:50:14,959 INFO [2] turn +3 deg
2025-10-29 17:50:14,959 INFO Send command (no response expected): 'rc 0 0 0 0'
2025-10-29 17:50:15,160 INFO Send command: 'ccw 3'
2025-10-29 17:50:15,461 INFO Response ccw 3: 'ok'
2025-10-29 17:50:15,661 INFO [2] forward total 192 cm
2025-10-29 17:50:15,662 INFO Send command: 'forward 60'
2025-10-29 17:50:18,872 INFO Response forward 60: 'ok'
2025-10-29 17:50:19,073 INFO Send command: 'forward 60'
2025-10-29 17:50:21,019 ERROR KeyboardInterrupt - landing
2025-10-29 17:50:21,019 INFO Send command: 'land'
2025-10-29 17:50:21,321 INFO Response land: 'error Auto land'
2025-10-29 17:50:21,322 INFO Send command: 'land'
2025-10-29 17:50:25,233 INFO Response land: 'ok'
2025-10-29 17:50:25,421 INFO Send command: 'streamoff'
2025-10-29 17:50:25,422 INFO Response streamoff: 'ok'
2025-10-29 17:50:25,422 INFO Done.
