2025-10-29 16:38:41,086 INFO Logging to logs/flight_20251029_163841.log
2025-10-29 16:38:41,087 INFO Altitude 90 cm, speed 30 cm/s, AI=ON policy=2
2025-10-29 16:38:41,088 INFO Tello instance was initialized. Host: '192.168.10.1'. Port: '8889'.
2025-10-29 16:38:41,089 INFO Connecting (attempt 1/4)...
2025-10-29 16:38:41,090 INFO Send command: 'command'
2025-10-29 16:38:41,292 INFO Response command: 'ok'
2025-10-29 16:38:41,293 INFO Battery 69%
2025-10-29 16:38:41,296 INFO Send command: 'streamon'
2025-10-29 16:38:41,497 INFO Response streamon: 'ok'
2025-10-29 16:38:43,646 INFO Send command: 'speed 30'
2025-10-29 16:38:43,747 INFO Response speed 30: 'ok'
2025-10-29 16:38:43,748 INFO Takeoff.
2025-10-29 16:38:43,753 INFO Send command: 'takeoff'
2025-10-29 16:38:49,992 INFO Response takeoff: 'ok'
2025-10-29 16:38:50,495 INFO Hovering for IMU stabilization (2.0s).
2025-10-29 16:38:52,496 INFO     climb chunk 1: 40 cm (rem 30)
2025-10-29 16:38:52,497 INFO Send command: 'up 40'
2025-10-29 16:38:54,912 INFO Response up 40: 'ok'
2025-10-29 16:38:55,114 INFO Send command: 'up 30'
2025-10-29 16:38:57,832 INFO Response up 30: 'ok'
2025-10-29 16:38:58,170 INFO [0] turn +178 deg
2025-10-29 16:38:58,170 INFO Send command (no response expected): 'rc 0 0 0 0'
2025-10-29 16:38:58,371 INFO     turn chunk 1: CCW 45 deg (rem 133)
2025-10-29 16:38:58,372 INFO Send command: 'ccw 45'
2025-10-29 16:38:59,979 INFO Response ccw 45: 'ok'
2025-10-29 16:39:00,180 INFO     turn chunk 2: CCW 45 deg (rem 88)
2025-10-29 16:39:00,180 INFO Send command: 'ccw 45'
2025-10-29 16:39:01,485 INFO Response ccw 45: 'ok'
2025-10-29 16:39:01,686 INFO     turn chunk 3: CCW 45 deg (rem 43)
2025-10-29 16:39:01,687 INFO Send command: 'ccw 45'
2025-10-29 16:39:03,394 INFO Response ccw 45: 'ok'
2025-10-29 16:39:03,595 INFO Send command: 'ccw 43'
2025-10-29 16:39:05,202 INFO Response ccw 43: 'ok'
2025-10-29 16:39:05,403 INFO [0] forward total 99 cm
2025-10-29 16:39:05,403 INFO Send command: 'forward 60'
2025-10-29 16:39:08,514 INFO Response forward 60: 'ok'
2025-10-29 16:39:08,715 INFO Send command: 'forward 39'
2025-10-29 16:39:10,923 INFO Response forward 39: 'ok'
2025-10-29 16:39:11,124 INFO [1] turn -81 deg
2025-10-29 16:39:11,125 INFO Send command (no response expected): 'rc 0 0 0 0'
2025-10-29 16:39:11,327 INFO     turn chunk 1: CW 45 deg (rem 36)
2025-10-29 16:39:11,328 INFO Send command: 'cw 45'
2025-10-29 16:39:12,533 INFO Response cw 45: 'ok'
2025-10-29 16:39:12,734 INFO Send command: 'cw 36'
2025-10-29 16:39:14,040 INFO Response cw 36: 'ok'
2025-10-29 16:39:14,241 INFO [1] forward total 76 cm
2025-10-29 16:39:14,241 INFO Send command: 'forward 60'
2025-10-29 16:39:14,242 INFO Response forward 60: 'ok'
2025-10-29 16:39:14,443 INFO [2] turn -95 deg
2025-10-29 16:39:14,443 INFO Send command (no response expected): 'rc 0 0 0 0'
2025-10-29 16:39:14,644 INFO     turn chunk 1: CW 45 deg (rem 50)
2025-10-29 16:39:14,644 INFO Send command: 'cw 45'
2025-10-29 16:39:14,644 INFO Response cw 45: 'ok'
2025-10-29 16:39:14,845 INFO     turn chunk 2: CW 45 deg (rem 5)
2025-10-29 16:39:14,845 INFO Send command: 'cw 45'
2025-10-29 16:39:14,846 INFO Response cw 45: 'ok'
2025-10-29 16:39:15,047 INFO Send command: 'cw 5'
2025-10-29 16:39:15,047 INFO Response cw 5: 'ok'
2025-10-29 16:39:15,248 INFO [2] forward total 93 cm
2025-10-29 16:39:15,249 INFO Send command: 'forward 60'
2025-10-29 16:39:15,249 INFO Response forward 60: 'ok'
2025-10-29 16:39:15,450 INFO Send command: 'forward 33'
2025-10-29 16:39:15,450 INFO Response forward 33: 'ok'
2025-10-29 16:39:15,652 INFO [3] turn -89 deg
2025-10-29 16:39:15,652 INFO Send command (no response expected): 'rc 0 0 0 0'
2025-10-29 16:39:15,854 INFO     turn chunk 1: CW 45 deg (rem 44)
2025-10-29 16:39:15,854 INFO Send command: 'cw 45'
2025-10-29 16:39:17,059 INFO Response cw 45: 'ok'
2025-10-29 16:39:17,260 INFO Send command: 'cw 44'
2025-10-29 16:39:18,667 INFO Response cw 44: 'ok'
2025-10-29 16:39:18,868 INFO [3] forward total 69 cm
2025-10-29 16:39:18,868 INFO Send command: 'forward 60'
2025-10-29 16:39:21,679 INFO Response forward 60: 'ok'
2025-10-29 16:39:21,880 INFO Mission complete. Landing.
2025-10-29 16:39:21,880 INFO Send command: 'land'
2025-10-29 16:39:25,294 INFO Response land: 'ok'
2025-10-29 16:39:25,427 INFO Send command: 'streamoff'
2025-10-29 16:39:25,528 INFO Response streamoff: 'ok'
2025-10-29 16:39:25,529 INFO Done.
