2025-10-28 18:11:48,792 INFO Logging to logs/flight_20251028_181148.log
2025-10-28 18:11:48,793 INFO Altitude 90 cm, speed 30 cm/s, AI=OFF policy=-
2025-10-28 18:11:48,795 INFO Tello instance was initialized. Host: '192.168.10.1'. Port: '8889'.
2025-10-28 18:11:48,795 INFO Connecting (attempt 1/4)...
2025-10-28 18:11:48,798 INFO Send command: 'command'
2025-10-28 18:11:48,899 INFO Response command: 'ok'
2025-10-28 18:11:48,950 INFO Battery 72%
2025-10-28 18:11:49,003 INFO Send command: 'speed 30'
2025-10-28 18:11:49,105 INFO Response speed 30: 'ok'
2025-10-28 18:11:49,105 INFO Takeoff.
2025-10-28 18:11:49,107 INFO Send command: 'takeoff'
2025-10-28 18:11:57,924 INFO Response takeoff: 'ok'
2025-10-28 18:11:58,425 INFO Hovering for IMU stabilization (2.0s).
2025-10-28 18:12:00,427 INFO     climb chunk 1: 40 cm (rem 30)
2025-10-28 18:12:00,427 INFO Send command: 'up 40'
2025-10-28 18:12:02,932 INFO Response up 40: 'ok'
2025-10-28 18:12:03,133 INFO Send command: 'up 30'
2025-10-28 18:12:05,338 INFO Response up 30: 'ok'
2025-10-28 18:12:05,540 INFO [0] turn +178 deg
2025-10-28 18:12:05,540 INFO Send command (no response expected): 'rc 0 0 0 0'
2025-10-28 18:12:05,880 INFO     turn chunk 1: CCW 45 deg (rem 133)
2025-10-28 18:12:05,881 INFO Send command: 'ccw 45'
2025-10-28 18:12:07,284 INFO Response ccw 45: 'ok'
2025-10-28 18:12:07,485 INFO     turn chunk 2: CCW 45 deg (rem 88)
2025-10-28 18:12:07,486 INFO Send command: 'ccw 45'
2025-10-28 18:12:08,789 INFO Response ccw 45: 'ok'
2025-10-28 18:12:08,990 INFO     turn chunk 3: CCW 45 deg (rem 43)
2025-10-28 18:12:08,991 INFO Send command: 'ccw 45'
2025-10-28 18:12:10,594 INFO Response ccw 45: 'ok'
2025-10-28 18:12:10,795 INFO     turn chunk 4: CCW 43 deg (rem 0)
2025-10-28 18:12:10,796 INFO Send command: 'ccw 43'
2025-10-28 18:12:12,199 INFO Response ccw 43: 'ok'
2025-10-28 18:12:12,400 INFO [0] forward total 99 cm
2025-10-28 18:12:12,401 INFO Send command: 'forward 60'
2025-10-28 18:12:15,407 INFO Response forward 60: 'ok'
2025-10-28 18:12:15,608 INFO Send command: 'forward 39'
2025-10-28 18:12:17,612 INFO Response forward 39: 'ok'
2025-10-28 18:12:17,814 INFO [1] turn -81 deg
2025-10-28 18:12:17,814 INFO Send command (no response expected): 'rc 0 0 0 0'
2025-10-28 18:12:18,015 INFO     turn chunk 1: CW 45 deg (rem 36)
2025-10-28 18:12:18,016 INFO Send command: 'cw 45'
2025-10-28 18:12:19,419 INFO Response cw 45: 'ok'
2025-10-28 18:12:19,620 INFO     turn chunk 2: CW 36 deg (rem 0)
2025-10-28 18:12:19,621 INFO Send command: 'cw 36'
2025-10-28 18:12:20,924 INFO Response cw 36: 'ok'
2025-10-28 18:12:21,125 INFO [1] forward total 76 cm
2025-10-28 18:12:21,126 INFO Send command: 'forward 60'
2025-10-28 18:12:23,931 INFO Response forward 60: 'ok'
2025-10-28 18:12:24,132 INFO [2] turn -95 deg
2025-10-28 18:12:24,133 INFO Send command (no response expected): 'rc 0 0 0 0'
2025-10-28 18:12:24,334 INFO     turn chunk 1: CW 45 deg (rem 50)
2025-10-28 18:12:24,335 INFO Send command: 'cw 45'
2025-10-28 18:12:26,038 INFO Response cw 45: 'ok'
2025-10-28 18:12:26,240 INFO     turn chunk 2: CW 45 deg (rem 5)
2025-10-28 18:12:26,240 INFO Send command: 'cw 45'
2025-10-28 18:12:27,743 INFO Response cw 45: 'ok'
2025-10-28 18:12:27,944 INFO     turn chunk 3: CW 5 deg (rem 0)
2025-10-28 18:12:27,945 INFO Send command: 'cw 5'
2025-10-28 18:12:28,447 INFO Response cw 5: 'ok'
2025-10-28 18:12:28,648 INFO [2] forward total 93 cm
2025-10-28 18:12:28,649 INFO Send command: 'forward 60'
2025-10-28 18:12:31,554 INFO Response forward 60: 'ok'
2025-10-28 18:12:31,756 INFO Send command: 'forward 33'
2025-10-28 18:12:33,860 INFO Response forward 33: 'ok'
2025-10-28 18:12:34,062 INFO [3] turn -89 deg
2025-10-28 18:12:34,063 INFO Send command (no response expected): 'rc 0 0 0 0'
2025-10-28 18:12:34,264 INFO     turn chunk 1: CW 45 deg (rem 44)
2025-10-28 18:12:34,265 INFO Send command: 'cw 45'
2025-10-28 18:12:35,468 INFO Response cw 45: 'ok'
2025-10-28 18:12:35,669 INFO     turn chunk 2: CW 44 deg (rem 0)
2025-10-28 18:12:35,670 INFO Send command: 'cw 44'
2025-10-28 18:12:37,173 INFO Response cw 44: 'ok'
2025-10-28 18:12:37,374 INFO [3] forward total 69 cm
2025-10-28 18:12:37,375 INFO Send command: 'forward 60'
2025-10-28 18:12:39,980 INFO Response forward 60: 'ok'
2025-10-28 18:12:40,181 INFO Mission complete. Landing.
2025-10-28 18:12:40,182 INFO Send command: 'land'
2025-10-28 18:12:44,691 INFO Response land: 'ok'
2025-10-28 18:12:44,691 INFO Done.
