2025-10-28 17:07:05,591 INFO Logging to logs/flight_20251028_170705.log
2025-10-28 17:07:05,591 INFO Altitude 90 cm, speed 30 cm/s, AI=OFF policy=-
2025-10-28 17:07:05,593 INFO Tello instance was initialized. Host: '192.168.10.1'. Port: '8889'.
2025-10-28 17:07:05,593 INFO Connecting (attempt 1/4)...
2025-10-28 17:07:05,595 INFO Send command: 'command'
2025-10-28 17:07:05,697 INFO Response command: 'ok'
2025-10-28 17:07:05,747 INFO Battery 100%
2025-10-28 17:07:05,801 INFO Send command: 'speed 30'
2025-10-28 17:07:05,904 INFO Response speed 30: 'ok'
2025-10-28 17:07:05,904 INFO Takeoff.
2025-10-28 17:07:05,905 INFO Send command: 'takeoff'
2025-10-28 17:07:14,755 INFO Response takeoff: 'ok'
2025-10-28 17:07:15,257 INFO Hovering for IMU stabilization (2.0s).
2025-10-28 17:07:17,258 INFO     climb chunk 1: 40 cm (rem 30)
2025-10-28 17:07:17,258 INFO Send command: 'up 40'
2025-10-28 17:07:18,565 INFO Response up 40: 'ok'
2025-10-28 17:07:18,766 INFO Send command: 'up 30'
2025-10-28 17:07:21,581 INFO Response up 30: 'ok'
2025-10-28 17:07:21,782 INFO [0] turn +178 deg
2025-10-28 17:07:21,783 INFO Send command (no response expected): 'rc 0 0 0 0'
2025-10-28 17:07:21,984 INFO     turn chunk 1: CCW 45 deg (rem 133)
2025-10-28 17:07:21,984 INFO Send command: 'ccw 45'
2025-10-28 17:07:23,391 INFO Response ccw 45: 'ok'
2025-10-28 17:07:23,592 INFO     turn chunk 2: CCW 45 deg (rem 88)
2025-10-28 17:07:23,593 INFO Send command: 'ccw 45'
2025-10-28 17:07:25,102 INFO Response ccw 45: 'ok'
2025-10-28 17:07:25,303 INFO     turn chunk 3: CCW 45 deg (rem 43)
2025-10-28 17:07:25,303 INFO Send command: 'ccw 45'
2025-10-28 17:07:26,812 INFO Response ccw 45: 'ok'
2025-10-28 17:07:27,014 INFO     turn chunk 4: CCW 43 deg (rem 0)
2025-10-28 17:07:27,014 INFO Send command: 'ccw 43'
2025-10-28 17:07:28,423 INFO Response ccw 43: 'ok'
2025-10-28 17:07:28,625 INFO [0] forward total 99 cm
2025-10-28 17:07:28,626 INFO Send command: 'forward 60'
2025-10-28 17:07:31,244 INFO Response forward 60: 'ok'
2025-10-28 17:07:31,445 INFO Send command: 'forward 39'
2025-10-28 17:07:33,158 INFO Response forward 39: 'ok'
2025-10-28 17:07:33,360 INFO [1] turn -81 deg
2025-10-28 17:07:33,360 INFO Send command (no response expected): 'rc 0 0 0 0'
2025-10-28 17:07:33,561 INFO     turn chunk 1: CW 45 deg (rem 36)
2025-10-28 17:07:33,562 INFO Send command: 'cw 45'
2025-10-28 17:07:35,070 INFO Response cw 45: 'ok'
2025-10-28 17:07:35,272 INFO     turn chunk 2: CW 36 deg (rem 0)
2025-10-28 17:07:35,273 INFO Send command: 'cw 36'
2025-10-28 17:07:36,582 INFO Response cw 36: 'ok'
2025-10-28 17:07:36,783 INFO [1] forward total 76 cm
2025-10-28 17:07:36,783 INFO Send command: 'forward 60'
2025-10-28 17:07:40,007 INFO Response forward 60: 'ok'
2025-10-28 17:07:40,209 INFO [2] turn -95 deg
2025-10-28 17:07:40,209 INFO Send command (no response expected): 'rc 0 0 0 0'
2025-10-28 17:07:40,411 INFO     turn chunk 1: CW 45 deg (rem 50)
2025-10-28 17:07:40,411 INFO Send command: 'cw 45'
2025-10-28 17:07:41,821 INFO Response cw 45: 'ok'
2025-10-28 17:07:42,023 INFO     turn chunk 2: CW 45 deg (rem 5)
2025-10-28 17:07:42,023 INFO Send command: 'cw 45'
2025-10-28 17:07:43,534 INFO Response cw 45: 'ok'
2025-10-28 17:07:43,735 INFO     turn chunk 3: CW 5 deg (rem 0)
2025-10-28 17:07:43,736 INFO Send command: 'cw 5'
2025-10-28 17:07:44,240 INFO Response cw 5: 'ok'
2025-10-28 17:07:44,441 INFO [2] forward total 93 cm
2025-10-28 17:07:44,441 INFO Send command: 'forward 60'
2025-10-28 17:07:47,665 INFO Response forward 60: 'ok'
2025-10-28 17:07:47,867 INFO Send command: 'forward 33'
2025-10-28 17:07:49,781 INFO Response forward 33: 'ok'
2025-10-28 17:07:49,983 INFO [3] turn -89 deg
2025-10-28 17:07:49,983 INFO Send command (no response expected): 'rc 0 0 0 0'
2025-10-28 17:07:50,184 INFO     turn chunk 1: CW 45 deg (rem 44)
2025-10-28 17:07:50,184 INFO Send command: 'cw 45'
2025-10-28 17:07:51,695 INFO Response cw 45: 'ok'
2025-10-28 17:07:51,896 INFO     turn chunk 2: CW 44 deg (rem 0)
2025-10-28 17:07:51,897 INFO Send command: 'cw 44'
2025-10-28 17:07:53,305 INFO Response cw 44: 'ok'
2025-10-28 17:07:53,506 INFO [3] forward total 69 cm
2025-10-28 17:07:53,507 INFO Send command: 'forward 60'
2025-10-28 17:07:56,624 INFO Response forward 60: 'ok'
2025-10-28 17:07:56,825 INFO Mission complete. Landing.
2025-10-28 17:07:56,825 INFO Send command: 'land'
2025-10-28 17:07:58,941 INFO Response land: 'ok'
2025-10-28 17:07:58,941 INFO Done.
