2025-10-29 16:33:36,932 INFO Logging to logs/flight_20251029_163336.log
2025-10-29 16:33:36,933 INFO Altitude 90 cm, speed 30 cm/s, AI=ON policy=2
2025-10-29 16:33:36,934 INFO Tello instance was initialized. Host: '192.168.10.1'. Port: '8889'.
2025-10-29 16:33:36,935 INFO Connecting (attempt 1/4)...
2025-10-29 16:33:36,937 INFO Send command: 'command'
2025-10-29 16:33:43,986 WARNING Aborting command 'command'. Did not receive a response after 7 seconds
2025-10-29 16:33:43,987 INFO Send command: 'command'
2025-10-29 16:33:51,025 WARNING Aborting command 'command'. Did not receive a response after 7 seconds
2025-10-29 16:33:51,026 INFO Send command: 'command'
2025-10-29 16:33:58,072 WARNING Aborting command 'command'. Did not receive a response after 7 seconds
2025-10-29 16:33:58,073 INFO Send command: 'command'
2025-10-29 16:33:58,074 WARNING connect error: [WinError 10051] A socket operation was attempted to an unreachable network
2025-10-29 16:33:59,075 INFO Connecting (attempt 2/4)...
2025-10-29 16:33:59,075 INFO Send command: 'command'
2025-10-29 16:33:59,076 WARNING connect error: [WinError 10051] A socket operation was attempted to an unreachable network
2025-10-29 16:34:00,077 INFO Connecting (attempt 3/4)...
2025-10-29 16:34:00,078 INFO Send command: 'command'
2025-10-29 16:34:00,078 WARNING connect error: [WinError 10051] A socket operation was attempted to an unreachable network
2025-10-29 16:34:01,079 INFO Connecting (attempt 4/4)...
2025-10-29 16:34:01,080 INFO Send command: 'command'
2025-10-29 16:34:01,080 WARNING connect error: [WinError 10051] A socket operation was attempted to an unreachable network
2025-10-29 16:34:02,083 ERROR Unable to connect. Check TELLO Wi-Fi / power / close other Tello apps.
