2025-10-28 18:29:26,695 INFO Logging to logs/flight_20251028_182926.log
2025-10-28 18:29:26,696 INFO Altitude 90 cm, speed 30 cm/s, AI=OFF policy=-
2025-10-28 18:29:26,697 INFO Tello instance was initialized. Host: '192.168.10.1'. Port: '8889'.
2025-10-28 18:29:26,698 INFO Connecting (attempt 1/4)...
2025-10-28 18:29:26,700 INFO Send command: 'command'
2025-10-28 18:29:26,801 INFO Response command: 'ok'
2025-10-28 18:29:26,802 INFO Battery 75%
2025-10-28 18:29:26,803 INFO Send command: 'streamon'
2025-10-28 18:29:26,904 INFO Response streamon: 'ok'
2025-10-28 18:29:29,041 INFO Send command: 'speed 30'
2025-10-28 18:29:29,144 INFO Response speed 30: 'ok'
2025-10-28 18:29:29,145 INFO Takeoff.
2025-10-28 18:29:29,150 INFO Send command: 'takeoff'
2025-10-28 18:29:33,674 INFO Response takeoff: 'ok'
2025-10-28 18:29:34,175 INFO Hovering for IMU stabilization (2.0s).
2025-10-28 18:29:36,178 INFO     climb chunk 1: 40 cm (rem 30)
2025-10-28 18:29:36,179 INFO Send command: 'up 40'
2025-10-28 18:29:39,601 INFO Response up 40: 'ok'
2025-10-28 18:29:39,802 INFO Send command: 'up 30'
2025-10-28 18:29:42,107 INFO Response up 30: 'ok'
2025-10-28 18:29:42,309 INFO [0] turn +178 deg
2025-10-28 18:29:42,309 INFO Send command (no response expected): 'rc 0 0 0 0'
2025-10-28 18:29:42,510 INFO     turn chunk 1: CCW 45 deg (rem 133)
2025-10-28 18:29:42,511 INFO Send command: 'ccw 45'
2025-10-28 18:29:44,015 INFO Response ccw 45: 'ok'
2025-10-28 18:29:44,216 INFO     turn chunk 2: CCW 45 deg (rem 88)
2025-10-28 18:29:44,217 INFO Send command: 'ccw 45'
2025-10-28 18:29:45,831 INFO Response ccw 45: 'ok'
2025-10-28 18:29:46,038 INFO     turn chunk 3: CCW 45 deg (rem 43)
2025-10-28 18:29:46,039 INFO Send command: 'ccw 45'
2025-10-28 18:29:47,443 INFO Response ccw 45: 'ok'
2025-10-28 18:29:47,644 INFO     turn chunk 4: CCW 43 deg (rem 0)
2025-10-28 18:29:47,644 INFO Send command: 'ccw 43'
2025-10-28 18:29:48,950 INFO Response ccw 43: 'ok'
2025-10-28 18:29:49,153 INFO [0] forward total 99 cm
2025-10-28 18:29:49,154 INFO Send command: 'forward 60'
2025-10-28 18:29:52,173 INFO Response forward 60: 'ok'
