2025-10-20 18:31:59,254 INFO Logging to logs/flight_20251020_183159.log
2025-10-20 18:31:59,254 INFO Altitude 90 cm, speed 30 cm/s, AI=OFF policy=-
2025-10-20 18:31:59,256 INFO Tello instance was initialized. Host: '192.168.10.1'. Port: '8889'.
2025-10-20 18:31:59,256 INFO Connecting (attempt 1/4)...
2025-10-20 18:31:59,258 INFO Send command: 'command'
2025-10-20 18:31:59,459 INFO Response command: 'ok'
2025-10-20 18:31:59,461 INFO Battery 60%
2025-10-20 18:31:59,463 INFO Send command: 'streamon'
2025-10-20 18:32:06,498 WARNING Aborting command 'streamon'. Did not receive a response after 7 seconds
2025-10-20 18:32:06,499 INFO Send command: 'streamon'
2025-10-20 18:32:06,700 INFO Response streamon: 'ok'
2025-10-20 18:32:08,925 INFO Send command: 'speed 30'
2025-10-20 18:32:09,131 INFO Response speed 30: 'ok'
2025-10-20 18:32:09,132 INFO Takeoff.
2025-10-20 18:32:09,135 INFO Send command: 'takeoff'
2025-10-20 18:32:17,897 INFO Response takeoff: 'ok'
2025-10-20 18:32:18,398 INFO Hovering for IMU stabilization (2.0s).
2025-10-20 18:32:20,400 INFO     climb chunk 1: 40 cm (rem 30)
2025-10-20 18:32:20,400 INFO Send command: 'up 40'
2025-10-20 18:32:27,447 WARNING Aborting command 'up 40'. Did not receive a response after 7 seconds
2025-10-20 18:32:27,448 INFO Send command: 'up 40'
2025-10-20 18:32:29,861 INFO Response up 40: 'ok'
2025-10-20 18:32:30,063 INFO Send command: 'up 30'
2025-10-20 18:32:31,068 INFO Send command: 'land'
